<?xml version="1.0" encoding="UTF-8"?>
<robot generator="Robot 5.0.1 (Python 3.9.13 on win32)" generated="20230814 20:23:04.768" rpa="true" schemaversion="3">
<suite id="s1" name="Tasks" source="f:\Robocorp Certification Level II\tasks.robot">
<test id="s1-t1" name="Order robots from RobotSpareBin Industries Inc" line="26">
<kw name="Open the robot order website">
<kw name="Open Available Browser" library="RPA.Browser.Selenium">
<arg>${url}</arg>
<arg>maximized=True</arg>
<doc>Attempts to open a browser on the user's device from a set of
supported browsers. Automatically downloads a corresponding webdriver
if none is already installed.</doc>
<msg timestamp="20230814 20:23:09.490" level="INFO">Creating an instance of the Chrome WebDriver.</msg>
<msg timestamp="20230814 20:23:11.334" level="INFO">Created Chrome browser with arguments: --start-maximized --disable-dev-shm-usage --disable-web-security --allow-running-insecure-content --no-sandbox</msg>
<msg timestamp="20230814 20:23:11.336" level="INFO" html="true">&lt;p&gt;Attempted combinations:&lt;/p&gt;&lt;div class="doc"&gt;&lt;table&gt;&lt;tr&gt;&lt;th&gt;Browser&lt;/th&gt;&lt;th&gt;Download&lt;/th&gt;&lt;th&gt;Error&lt;/th&gt;&lt;/tr&gt;&lt;tr&gt;&lt;td&gt;Chrome&lt;/td&gt;&lt;td&gt;False&lt;/td&gt;&lt;td&gt;&lt;/td&gt;&lt;/tr&gt;&lt;/table&gt;&lt;/div&gt;</msg>
<msg timestamp="20230814 20:23:11.337" level="INFO">Opening url 'https://robotsparebinindustries.com/#/'</msg>
<status status="PASS" starttime="20230814 20:23:09.487" endtime="20230814 20:23:11.990"/>
</kw>
<kw name="Input Text" library="RPA.Browser.Selenium">
<arg>username</arg>
<arg>maria</arg>
<doc>Types the given ``text`` into the text field identified by ``locator``.</doc>
<msg timestamp="20230814 20:23:11.997" level="INFO">Typing text 'maria' into text field 'username'.</msg>
<status status="PASS" starttime="20230814 20:23:11.992" endtime="20230814 20:23:12.114"/>
</kw>
<kw name="Input Password" library="RPA.Browser.Selenium">
<arg>password</arg>
<arg>thoushallnotpass</arg>
<doc>Types the given password into the text field identified by ``locator``.</doc>
<msg timestamp="20230814 20:23:12.119" level="INFO">Typing password into text field 'password'.</msg>
<msg timestamp="20230814 20:23:12.158" level="INFO">Temporally setting log level to: NONE</msg>
<msg timestamp="20230814 20:23:12.227" level="INFO">Log level changed from NONE to INFO.</msg>
<status status="PASS" starttime="20230814 20:23:12.117" endtime="20230814 20:23:12.227"/>
</kw>
<kw name="Click Button" library="RPA.Browser.Selenium">
<arg>xpath://button[contains(text(),'Log in')]</arg>
<doc>Clicks the button identified by ``locator``.</doc>
<msg timestamp="20230814 20:23:12.231" level="INFO">Clicking button 'xpath://button[contains(text(),'Log in')]'.</msg>
<status status="PASS" starttime="20230814 20:23:12.228" endtime="20230814 20:23:12.300"/>
</kw>
<kw name="Wait Until Element Contains" library="RPA.Browser.Selenium">
<arg>xpath://span[contains(text(),'maria')]</arg>
<arg>maria</arg>
<doc>Waits until the element ``locator`` contains ``text``.</doc>
<status status="PASS" starttime="20230814 20:23:12.301" endtime="20230814 20:23:12.604"/>
</kw>
<kw name="Click Element" library="RPA.Browser.Selenium">
<arg>xpath://*[@id="root"]/header/div/ul/li[2]/a</arg>
<doc>Click the element identified by ``locator``.</doc>
<msg timestamp="20230814 20:23:12.609" level="INFO">Clicking element 'xpath://*[@id="root"]/header/div/ul/li[2]/a'.</msg>
<status status="PASS" starttime="20230814 20:23:12.606" endtime="20230814 20:23:12.675"/>
</kw>
<status status="PASS" starttime="20230814 20:23:09.483" endtime="20230814 20:23:12.678"/>
</kw>
<kw name="Get Orders">
<var>${orders}</var>
<kw name="Download" library="RPA.HTTP">
<arg>${csv_url}</arg>
<arg>target_file=${orders_filepath}</arg>
<arg>overwrite=TRUE</arg>
<doc>An alias for the ``HTTP Get`` keyword.</doc>
<msg timestamp="20230814 20:23:12.689" level="INFO">Creating a new HTTP session</msg>
<msg timestamp="20230814 20:23:12.690" level="INFO">Creating Session using : alias=rpasession_alias.httpsrobotsparebinindustries.com, url=https://robotsparebinindustries.com, headers={},                     cookies={}, auth=None, timeout=None, proxies=None, verify=True,                     debug=0 </msg>
<status status="PASS" starttime="20230814 20:23:12.686" endtime="20230814 20:23:13.631"/>
</kw>
<kw name="Read table from CSV" library="RPA.Tables">
<var>${orders}</var>
<arg>path=${orders_filepath}</arg>
<arg>header=True</arg>
<doc>Read a CSV file as a table.</doc>
<msg timestamp="20230814 20:23:13.655" level="INFO">${orders} = Table(columns=['Order number', 'Head', 'Body', 'Legs', 'Address'], rows=20)</msg>
<status status="PASS" starttime="20230814 20:23:13.634" endtime="20230814 20:23:13.656"/>
</kw>
<msg timestamp="20230814 20:23:13.660" level="INFO">${orders} = Table(columns=['Order number', 'Head', 'Body', 'Legs', 'Address'], rows=20)</msg>
<status status="PASS" starttime="20230814 20:23:12.683" endtime="20230814 20:23:13.661"/>
</kw>
<for flavor="IN">
<var>${row}</var>
<value>@{orders}</value>
<iter>
<var name="${row}">{'Order number': '1', 'Head': '1', 'Body': '2', 'Legs': '3', 'Address': 'Address 123'}</var>
<kw name="Close the annoying modal">
<kw name="Wait Until Page Contains Element" library="RPA.Browser.Selenium">
<arg>class:alert-buttons</arg>
<doc>Waits until the element ``locator`` appears on the current page.</doc>
<status status="PASS" starttime="20230814 20:23:13.678" endtime="20230814 20:23:13.696"/>
</kw>
<kw name="Click Button" library="RPA.Browser.Selenium">
<arg>OK</arg>
<doc>Clicks the button identified by ``locator``.</doc>
<msg timestamp="20230814 20:23:13.701" level="INFO">Clicking button 'OK'.</msg>
<status status="PASS" starttime="20230814 20:23:13.698" endtime="20230814 20:23:13.772"/>
</kw>
<status status="PASS" starttime="20230814 20:23:13.673" endtime="20230814 20:23:13.774"/>
</kw>
<kw name="Fill the Form">
<arg>${row}</arg>
<kw name="Wait Until Element Is Visible" library="RPA.Browser.Selenium">
<arg>head</arg>
<doc>Waits until the element ``locator`` is visible.</doc>
<status status="PASS" starttime="20230814 20:23:13.779" endtime="20230814 20:23:13.810"/>
</kw>
<kw name="Wait Until Element Is Enabled" library="RPA.Browser.Selenium">
<arg>head</arg>
<doc>Waits until the element ``locator`` is enabled.</doc>
<status status="PASS" starttime="20230814 20:23:13.811" endtime="20230814 20:23:13.844"/>
</kw>
<kw name="Select From List By Value" library="RPA.Browser.Selenium">
<arg>head</arg>
<arg>${formrow}[Head]</arg>
<doc>Selects options from selection list ``locator`` by ``values``.</doc>
<msg timestamp="20230814 20:23:13.849" level="INFO">Selecting options from selection list 'head' by value 1.</msg>
<status status="PASS" starttime="20230814 20:23:13.845" endtime="20230814 20:23:13.932"/>
</kw>
<kw name="Wait Until Element Is Enabled" library="RPA.Browser.Selenium">
<arg>body</arg>
<doc>Waits until the element ``locator`` is enabled.</doc>
<status status="PASS" starttime="20230814 20:23:13.933" endtime="20230814 20:23:13.973"/>
</kw>
<kw name="Select Radio Button" library="RPA.Browser.Selenium">
<arg>body</arg>
<arg>${formrow}[Body]</arg>
<doc>Sets the radio button group ``group_name`` to ``value``.</doc>
<msg timestamp="20230814 20:23:13.976" level="INFO">Selecting '2' from radio button 'body'.</msg>
<status status="PASS" starttime="20230814 20:23:13.974" endtime="20230814 20:23:14.055"/>
</kw>
<kw name="Wait Until Element Is Enabled" library="RPA.Browser.Selenium">
<arg>xpath://html/body/div/div/div[1]/div/div[1]/form/div[3]/input</arg>
<doc>Waits until the element ``locator`` is enabled.</doc>
<status status="PASS" starttime="20230814 20:23:14.058" endtime="20230814 20:23:14.104"/>
</kw>
<kw name="Input Text" library="RPA.Browser.Selenium">
<arg>xpath://html/body/div/div/div[1]/div/div[1]/form/div[3]/input</arg>
<arg>${formrow}[Legs]</arg>
<doc>Types the given ``text`` into the text field identified by ``locator``.</doc>
<msg timestamp="20230814 20:23:14.107" level="INFO">Typing text '3' into text field 'xpath://html/body/div/div/div[1]/div/div[1]/form/div[3]/input'.</msg>
<status status="PASS" starttime="20230814 20:23:14.105" endtime="20230814 20:23:14.223"/>
</kw>
<kw name="Wait Until Element Is Enabled" library="RPA.Browser.Selenium">
<arg>address</arg>
<doc>Waits until the element ``locator`` is enabled.</doc>
<status status="PASS" starttime="20230814 20:23:14.225" endtime="20230814 20:23:14.260"/>
</kw>
<kw name="Input Text" library="RPA.Browser.Selenium">
<arg>address</arg>
<arg>${formrow}[Address]</arg>
<doc>Types the given ``text`` into the text field identified by ``locator``.</doc>
<msg timestamp="20230814 20:23:14.262" level="INFO">Typing text 'Address 123' into text field 'address'.</msg>
<status status="PASS" starttime="20230814 20:23:14.261" endtime="20230814 20:23:14.358"/>
</kw>
<status status="PASS" starttime="20230814 20:23:13.776" endtime="20230814 20:23:14.360"/>
</kw>
<kw name="Wait Until Keyword Succeeds" library="BuiltIn">
<arg>10x</arg>
<arg>2s</arg>
<arg>Preview the robot</arg>
<doc>Runs the specified keyword and retries if it fails.</doc>
<kw name="Preview the robot">
<kw name="Click Button" library="RPA.Browser.Selenium">
<arg>preview</arg>
<doc>Clicks the button identified by ``locator``.</doc>
<msg timestamp="20230814 20:23:14.374" level="INFO">Clicking button 'preview'.</msg>
<status status="PASS" starttime="20230814 20:23:14.371" endtime="20230814 20:23:14.443"/>
</kw>
<kw name="Wait Until Element Is Visible" library="RPA.Browser.Selenium">
<arg>robot-preview-image</arg>
<doc>Waits until the element ``locator`` is visible.</doc>
<status status="PASS" starttime="20230814 20:23:14.444" endtime="20230814 20:23:14.471"/>
</kw>
<status status="PASS" starttime="20230814 20:23:14.367" endtime="20230814 20:23:14.473"/>
</kw>
<status status="PASS" starttime="20230814 20:23:14.362" endtime="20230814 20:23:14.474"/>
</kw>
<kw name="Wait Until Keyword Succeeds" library="BuiltIn">
<arg>10x</arg>
<arg>2s</arg>
<arg>Submit the order</arg>
<doc>Runs the specified keyword and retries if it fails.</doc>
<kw name="Submit the order">
<kw name="Mute Run On Failure" library="RPA.RobotLogListener">
<arg>Page Should contain Element</arg>
<doc>Set keywords which should not execute `SeleniumLibrary`
default behaviour of running keyword on failure.</doc>
<kw name="Get Library Instance" library="BuiltIn">
<arg>RPA.Browser</arg>
<doc>Returns the currently active instance of the specified library.</doc>
<msg timestamp="20230814 20:23:14.490" level="FAIL">No library 'RPA.Browser' found.</msg>
<status status="FAIL" starttime="20230814 20:23:14.486" endtime="20230814 20:23:14.495"/>
</kw>
<kw name="Get Library Instance" library="BuiltIn">
<arg>RPA.Browser.Selenium</arg>
<doc>Returns the currently active instance of the specified library.</doc>
<status status="PASS" starttime="20230814 20:23:14.496" endtime="20230814 20:23:14.499"/>
</kw>
<status status="PASS" starttime="20230814 20:23:14.481" endtime="20230814 20:23:14.501"/>
</kw>
<kw name="Click Button" library="RPA.Browser.Selenium">
<arg>order</arg>
<doc>Clicks the button identified by ``locator``.</doc>
<msg timestamp="20230814 20:23:14.505" level="INFO">Clicking button 'order'.</msg>
<status status="PASS" starttime="20230814 20:23:14.502" endtime="20230814 20:23:14.572"/>
</kw>
<kw name="Page Should Contain Element" library="RPA.Browser.Selenium">
<arg>receipt</arg>
<doc>Verifies that element ``locator`` is found on the current page.</doc>
<msg timestamp="20230814 20:23:14.575" level="INFO">No keyword will be run on failure.</msg>
<msg timestamp="20230814 20:23:14.589" level="INFO">Current page contains element 'receipt'.</msg>
<msg timestamp="20230814 20:23:14.589" level="INFO">Capture Page Screenshot will be run on failure.</msg>
<status status="PASS" starttime="20230814 20:23:14.573" endtime="20230814 20:23:14.589"/>
</kw>
<kw name="Page Should Contain Element" library="RPA.Browser.Selenium">
<arg>order-another</arg>
<doc>Verifies that element ``locator`` is found on the current page.</doc>
<msg timestamp="20230814 20:23:14.592" level="INFO">No keyword will be run on failure.</msg>
<msg timestamp="20230814 20:23:14.605" level="INFO">Current page contains element 'order-another'.</msg>
<msg timestamp="20230814 20:23:14.605" level="INFO">Capture Page Screenshot will be run on failure.</msg>
<status status="PASS" starttime="20230814 20:23:14.590" endtime="20230814 20:23:14.605"/>
</kw>
<status status="PASS" starttime="20230814 20:23:14.478" endtime="20230814 20:23:14.606"/>
</kw>
<status status="PASS" starttime="20230814 20:23:14.476" endtime="20230814 20:23:14.607"/>
</kw>
<kw name="Take a screenshot of the robot image">
<var>${screenshot}</var>
<arg>${row}[Order number]</arg>
<kw name="Set Local Variable" library="BuiltIn">
<arg>${file_path}</arg>
<arg>${screenshot_dir}${/}robot_preview_image_${order_number}.png</arg>
<doc>Makes a variable available everywhere within the local scope.</doc>
<msg timestamp="20230814 20:23:14.617" level="INFO">${file_path} = f:\Robocorp Certification Level II\output\screenshots\robot_preview_image_1.png</msg>
<status status="PASS" starttime="20230814 20:23:14.610" endtime="20230814 20:23:14.618"/>
</kw>
<kw name="Sleep" library="BuiltIn">
<arg>1sec</arg>
<doc>Pauses the test executed for the given time.</doc>
<msg timestamp="20230814 20:23:15.630" level="INFO">Slept 1 second</msg>
<status status="PASS" starttime="20230814 20:23:14.619" endtime="20230814 20:23:15.631"/>
</kw>
<kw name="Capture Element Screenshot" library="RPA.Browser.Selenium">
<arg>robot-preview-image</arg>
<arg>${file_path}</arg>
<doc>Captures a screenshot from the element identified by ``locator`` and embeds it into log file.</doc>
<msg timestamp="20230814 20:23:15.808" level="INFO" html="true">&lt;/td&gt;&lt;/tr&gt;&lt;tr&gt;&lt;td colspan="3"&gt;&lt;a href="file:///F:/Robocorp%20Certification%20Level%20II/output/screenshots/robot_preview_image_1.png"&gt;&lt;img src="file:///F:/Robocorp%20Certification%20Level%20II/output/screenshots/robot_preview_image_1.png" width="400px"&gt;&lt;/a&gt;</msg>
<status status="PASS" starttime="20230814 20:23:15.633" endtime="20230814 20:23:15.809"/>
</kw>
<msg timestamp="20230814 20:23:15.810" level="INFO">${screenshot} = f:\Robocorp Certification Level II\output\screenshots\robot_preview_image_1.png</msg>
<status status="PASS" starttime="20230814 20:23:14.608" endtime="20230814 20:23:15.810"/>
</kw>
<kw name="Store the order receipt as a PDF file">
<var>${pdf_filename}</var>
<arg>${row}[Order number]</arg>
<kw name="Get Element Attribute" library="RPA.Browser.Selenium">
<var>${receipt_html}</var>
<arg>receipt</arg>
<arg>outerHTML</arg>
<doc>Returns the value of ``attribute`` from the element ``locator``.</doc>
<msg timestamp="20230814 20:23:15.838" level="INFO">${receipt_html} = &lt;div id="receipt" class="alert alert-success" role="alert"&gt;&lt;h3&gt;Receipt&lt;/h3&gt;&lt;div&gt;2023-08-14T14:53:14.565Z&lt;/div&gt;&lt;p class="badge badge-success"&gt;RSB-ROBO-ORDER-L5DND6AYQQ&lt;/p&gt;&lt;p&gt;Address 123&lt;/p&gt;&lt;div id="par...</msg>
<status status="PASS" starttime="20230814 20:23:15.814" endtime="20230814 20:23:15.838"/>
</kw>
<kw name="Set Local Variable" library="BuiltIn">
<arg>${pdf_file_path}</arg>
<arg>${receipt_dir}${/}receipt_${order_number}.pdf</arg>
<doc>Makes a variable available everywhere within the local scope.</doc>
<msg timestamp="20230814 20:23:15.844" level="INFO">${pdf_file_path} = f:\Robocorp Certification Level II\output\receipts\receipt_1.pdf</msg>
<status status="PASS" starttime="20230814 20:23:15.840" endtime="20230814 20:23:15.844"/>
</kw>
<kw name="Html To Pdf" library="RPA.PDF">
<arg>${receipt_html}</arg>
<arg>${pdf_file_path}</arg>
<doc>Generate a PDF file from HTML content.</doc>
<msg timestamp="20230814 20:23:15.849" level="INFO">Writing output to file F:\Robocorp Certification Level II\output\receipts\receipt_1.pdf</msg>
<msg timestamp="20230814 20:23:16.175" level="INFO">maxp pruned</msg>
<msg timestamp="20230814 20:23:16.191" level="INFO">cmap pruned</msg>
<msg timestamp="20230814 20:23:16.194" level="INFO">post pruned</msg>
<msg timestamp="20230814 20:23:16.194" level="INFO">GDEF dropped</msg>
<msg timestamp="20230814 20:23:16.206" level="INFO">GPOS dropped</msg>
<msg timestamp="20230814 20:23:16.206" level="INFO">GSUB dropped</msg>
<msg timestamp="20230814 20:23:16.206" level="INFO">name pruned</msg>
<msg timestamp="20230814 20:23:16.238" level="INFO">glyf pruned</msg>
<msg timestamp="20230814 20:23:16.238" level="INFO">Added gid0 to subset</msg>
<msg timestamp="20230814 20:23:16.238" level="INFO">Added first four glyphs to subset</msg>
<msg timestamp="20230814 20:23:16.238" level="INFO">Closing glyph list over 'glyf': 57 glyphs before</msg>
<msg timestamp="20230814 20:23:16.238" level="INFO">Glyph names: ['.notdef', '.null', 'uni0020', 'uni0021', 'uni002D', 'uni002E', 'uni0030', 'uni0031', 'uni0032', 'uni0033', 'uni0034', 'uni0035', 'uni0036', 'uni0037', 'uni0038', 'uni0039', 'uni003A', 'uni0041', 'uni0042', 'uni0044', 'uni0045', 'uni0048', 'uni004C', 'uni004E', 'uni004F', 'uni0051', 'uni0052', 'uni0053', 'uni0054', 'uni0057', 'uni0059', 'uni005A', 'uni0061', 'uni0062', 'uni0063', 'uni0064', 'uni0065', 'uni0066', 'uni0067', 'uni0068', 'uni0069', 'uni006B', 'uni006C', 'uni006D', 'uni006E', 'uni006F', 'uni0070', 'uni0072', 'uni0073', 'uni0074', 'uni0075', 'uni0076', 'uni0077', 'uni0079', 'uni007B', 'uni007D', 'uni00C4']</msg>
<msg timestamp="20230814 20:23:16.238" level="INFO">Glyph IDs:   [0, 1, 2, 3, 65, 84, 95, 161, 280, 299, 320, 381, 382, 395, 409, 456, 469, 493, 504, 575, 582, 594, 612, 645, 650, 660, 679, 715, 723, 752, 759, 775, 827, 837, 867, 884, 899, 932, 936, 950, 1294, 1295, 1296, 1298, 1299, 1300, 1302, 1303, 1304, 1305, 1329, 1345, 1346, 1361, 1404, 1407, 1681]</msg>
<msg timestamp="20230814 20:23:16.238" level="INFO">Closed glyph list over 'glyf': 57 glyphs after</msg>
<msg timestamp="20230814 20:23:16.238" level="INFO">Glyph names: ['.notdef', '.null', 'uni0020', 'uni0021', 'uni002D', 'uni002E', 'uni0030', 'uni0031', 'uni0032', 'uni0033', 'uni0034', 'uni0035', 'uni0036', 'uni0037', 'uni0038', 'uni0039', 'uni003A', 'uni0041', 'uni0042', 'uni0044', 'uni0045', 'uni0048', 'uni004C', 'uni004E', 'uni004F', 'uni0051', 'uni0052', 'uni0053', 'uni0054', 'uni0057', 'uni0059', 'uni005A', 'uni0061', 'uni0062', 'uni0063', 'uni0064', 'uni0065', 'uni0066', 'uni0067', 'uni0068', 'uni0069', 'uni006B', 'uni006C', 'uni006D', 'uni006E', 'uni006F', 'uni0070', 'uni0072', 'uni0073', 'uni0074', 'uni0075', 'uni0076', 'uni0077', 'uni0079', 'uni007B', 'uni007D', 'uni00C4']</msg>
<msg timestamp="20230814 20:23:16.249" level="INFO">Glyph IDs:   [0, 1, 2, 3, 65, 84, 95, 161, 280, 299, 320, 381, 382, 395, 409, 456, 469, 493, 504, 575, 582, 594, 612, 645, 650, 660, 679, 715, 723, 752, 759, 775, 827, 837, 867, 884, 899, 932, 936, 950, 1294, 1295, 1296, 1298, 1299, 1300, 1302, 1303, 1304, 1305, 1329, 1345, 1346, 1361, 1404, 1407, 1681]</msg>
<msg timestamp="20230814 20:23:16.249" level="INFO">Retaining 57 glyphs</msg>
<msg timestamp="20230814 20:23:16.254" level="INFO">head subsetting not needed</msg>
<msg timestamp="20230814 20:23:16.254" level="INFO">hhea subsetting not needed</msg>
<msg timestamp="20230814 20:23:16.254" level="INFO">maxp subsetting not needed</msg>
<msg timestamp="20230814 20:23:16.254" level="INFO">OS/2 subsetting not needed</msg>
<msg timestamp="20230814 20:23:16.254" level="INFO">hmtx subsetted</msg>
<msg timestamp="20230814 20:23:16.254" level="INFO">cmap subsetted</msg>
<msg timestamp="20230814 20:23:16.254" level="INFO">prep subsetting not needed</msg>
<msg timestamp="20230814 20:23:16.254" level="INFO">loca subsetting not needed</msg>
<msg timestamp="20230814 20:23:16.254" level="INFO">post subsetted</msg>
<msg timestamp="20230814 20:23:16.269" level="INFO">gasp subsetting not needed</msg>
<msg timestamp="20230814 20:23:16.269" level="INFO">STAT subsetting not needed</msg>
<msg timestamp="20230814 20:23:16.269" level="INFO">name subsetting not needed</msg>
<msg timestamp="20230814 20:23:16.269" level="INFO">glyf subsetted</msg>
<msg timestamp="20230814 20:23:16.269" level="INFO">head pruned</msg>
<msg timestamp="20230814 20:23:16.269" level="INFO">OS/2 Unicode ranges pruned: [0]</msg>
<msg timestamp="20230814 20:23:16.269" level="INFO">glyf pruned</msg>
<msg timestamp="20230814 20:23:16.348" level="INFO">maxp pruned</msg>
<msg timestamp="20230814 20:23:16.348" level="INFO">cmap pruned</msg>
<msg timestamp="20230814 20:23:16.348" level="INFO">post pruned</msg>
<msg timestamp="20230814 20:23:16.348" level="INFO">GDEF dropped</msg>
<msg timestamp="20230814 20:23:16.348" level="INFO">GPOS dropped</msg>
<msg timestamp="20230814 20:23:16.348" level="INFO">GSUB dropped</msg>
<msg timestamp="20230814 20:23:16.348" level="INFO">name pruned</msg>
<msg timestamp="20230814 20:23:16.363" level="INFO">glyf pruned</msg>
<msg timestamp="20230814 20:23:16.363" level="INFO">Added gid0 to subset</msg>
<msg timestamp="20230814 20:23:16.363" level="INFO">Added first four glyphs to subset</msg>
<msg timestamp="20230814 20:23:16.363" level="INFO">Closing glyph list over 'glyf': 19 glyphs before</msg>
<msg timestamp="20230814 20:23:16.363" level="INFO">Glyph names: ['.notdef', '.null', 'uni0020', 'uni0030', 'uni0031', 'uni0032', 'uni0033', 'uni0034', 'uni0035', 'uni0036', 'uni0037', 'uni0038', 'uni0039', 'uni0041', 'uni0062', 'uni006E', 'uni007B', 'uni007D', 'uni00C4']</msg>
<msg timestamp="20230814 20:23:16.363" level="INFO">Glyph IDs:   [0, 1, 2, 3, 575, 759, 1294, 1295, 1296, 1298, 1299, 1300, 1302, 1303, 1304, 1305, 1345, 1346, 1681]</msg>
<msg timestamp="20230814 20:23:16.363" level="INFO">Closed glyph list over 'glyf': 19 glyphs after</msg>
<msg timestamp="20230814 20:23:16.363" level="INFO">Glyph names: ['.notdef', '.null', 'uni0020', 'uni0030', 'uni0031', 'uni0032', 'uni0033', 'uni0034', 'uni0035', 'uni0036', 'uni0037', 'uni0038', 'uni0039', 'uni0041', 'uni0062', 'uni006E', 'uni007B', 'uni007D', 'uni00C4']</msg>
<msg timestamp="20230814 20:23:16.363" level="INFO">Glyph IDs:   [0, 1, 2, 3, 575, 759, 1294, 1295, 1296, 1298, 1299, 1300, 1302, 1303, 1304, 1305, 1345, 1346, 1681]</msg>
<msg timestamp="20230814 20:23:16.363" level="INFO">Retaining 19 glyphs</msg>
<msg timestamp="20230814 20:23:16.363" level="INFO">head subsetting not needed</msg>
<msg timestamp="20230814 20:23:16.363" level="INFO">hhea subsetting not needed</msg>
<msg timestamp="20230814 20:23:16.363" level="INFO">maxp subsetting not needed</msg>
<msg timestamp="20230814 20:23:16.363" level="INFO">OS/2 subsetting not needed</msg>
<msg timestamp="20230814 20:23:16.382" level="INFO">hmtx subsetted</msg>
<msg timestamp="20230814 20:23:16.383" level="INFO">cmap subsetted</msg>
<msg timestamp="20230814 20:23:16.383" level="INFO">prep subsetting not needed</msg>
<msg timestamp="20230814 20:23:16.383" level="INFO">loca subsetting not needed</msg>
<msg timestamp="20230814 20:23:16.383" level="INFO">post subsetted</msg>
<msg timestamp="20230814 20:23:16.383" level="INFO">gasp subsetting not needed</msg>
<msg timestamp="20230814 20:23:16.383" level="INFO">STAT subsetting not needed</msg>
<msg timestamp="20230814 20:23:16.383" level="INFO">name subsetting not needed</msg>
<msg timestamp="20230814 20:23:16.383" level="INFO">glyf subsetted</msg>
<msg timestamp="20230814 20:23:16.383" level="INFO">head pruned</msg>
<msg timestamp="20230814 20:23:16.383" level="INFO">OS/2 Unicode ranges pruned: [0]</msg>
<msg timestamp="20230814 20:23:16.383" level="INFO">glyf pruned</msg>
<msg timestamp="20230814 20:23:16.433" level="INFO">maxp pruned</msg>
<msg timestamp="20230814 20:23:16.433" level="INFO">cmap pruned</msg>
<msg timestamp="20230814 20:23:16.433" level="INFO">post pruned</msg>
<msg timestamp="20230814 20:23:16.433" level="INFO">GDEF dropped</msg>
<msg timestamp="20230814 20:23:16.433" level="INFO">GPOS dropped</msg>
<msg timestamp="20230814 20:23:16.433" level="INFO">GSUB dropped</msg>
<msg timestamp="20230814 20:23:16.433" level="INFO">name pruned</msg>
<msg timestamp="20230814 20:23:16.442" level="INFO">glyf pruned</msg>
<msg timestamp="20230814 20:23:16.442" level="INFO">Added gid0 to subset</msg>
<msg timestamp="20230814 20:23:16.442" level="INFO">Added first four glyphs to subset</msg>
<msg timestamp="20230814 20:23:16.458" level="INFO">Closing glyph list over 'glyf': 18 glyphs before</msg>
<msg timestamp="20230814 20:23:16.458" level="INFO">Glyph names: ['.notdef', '.null', 'uni0020', 'uni0030', 'uni0031', 'uni0032', 'uni0033', 'uni0034', 'uni0035', 'uni0036', 'uni0037', 'uni0038', 'uni0039', 'uni0062', 'uni006E', 'uni007B', 'uni007D', 'uni00A0']</msg>
<msg timestamp="20230814 20:23:16.458" level="INFO">Glyph IDs:   [0, 1, 2, 3, 544, 727, 1256, 1257, 1258, 1260, 1261, 1262, 1264, 1265, 1266, 1267, 1307, 1308]</msg>
<msg timestamp="20230814 20:23:16.458" level="INFO">Closed glyph list over 'glyf': 18 glyphs after</msg>
<msg timestamp="20230814 20:23:16.458" level="INFO">Glyph names: ['.notdef', '.null', 'uni0020', 'uni0030', 'uni0031', 'uni0032', 'uni0033', 'uni0034', 'uni0035', 'uni0036', 'uni0037', 'uni0038', 'uni0039', 'uni0062', 'uni006E', 'uni007B', 'uni007D', 'uni00A0']</msg>
<msg timestamp="20230814 20:23:16.458" level="INFO">Glyph IDs:   [0, 1, 2, 3, 544, 727, 1256, 1257, 1258, 1260, 1261, 1262, 1264, 1265, 1266, 1267, 1307, 1308]</msg>
<msg timestamp="20230814 20:23:16.462" level="INFO">Retaining 18 glyphs</msg>
<msg timestamp="20230814 20:23:16.464" level="INFO">head subsetting not needed</msg>
<msg timestamp="20230814 20:23:16.464" level="INFO">hhea subsetting not needed</msg>
<msg timestamp="20230814 20:23:16.465" level="INFO">maxp subsetting not needed</msg>
<msg timestamp="20230814 20:23:16.465" level="INFO">OS/2 subsetting not needed</msg>
<msg timestamp="20230814 20:23:16.467" level="INFO">hmtx subsetted</msg>
<msg timestamp="20230814 20:23:16.467" level="INFO">cmap subsetted</msg>
<msg timestamp="20230814 20:23:16.467" level="INFO">loca subsetting not needed</msg>
<msg timestamp="20230814 20:23:16.467" level="INFO">post subsetted</msg>
<msg timestamp="20230814 20:23:16.467" level="INFO">name subsetting not needed</msg>
<msg timestamp="20230814 20:23:16.467" level="INFO">glyf subsetted</msg>
<msg timestamp="20230814 20:23:16.467" level="INFO">head pruned</msg>
<msg timestamp="20230814 20:23:16.474" level="INFO">OS/2 Unicode ranges pruned: [0]</msg>
<msg timestamp="20230814 20:23:16.474" level="INFO">glyf pruned</msg>
<msg timestamp="20230814 20:23:16.506" level="INFO">maxp pruned</msg>
<msg timestamp="20230814 20:23:16.506" level="INFO">cmap pruned</msg>
<msg timestamp="20230814 20:23:16.506" level="INFO">post pruned</msg>
<msg timestamp="20230814 20:23:16.506" level="INFO">GDEF dropped</msg>
<msg timestamp="20230814 20:23:16.506" level="INFO">GPOS dropped</msg>
<msg timestamp="20230814 20:23:16.506" level="INFO">GSUB dropped</msg>
<msg timestamp="20230814 20:23:16.506" level="INFO">name pruned</msg>
<msg timestamp="20230814 20:23:16.521" level="INFO">glyf pruned</msg>
<msg timestamp="20230814 20:23:16.521" level="INFO">Added gid0 to subset</msg>
<msg timestamp="20230814 20:23:16.537" level="INFO">Added first four glyphs to subset</msg>
<msg timestamp="20230814 20:23:16.537" level="INFO">Closing glyph list over 'glyf': 18 glyphs before</msg>
<msg timestamp="20230814 20:23:16.537" level="INFO">Glyph names: ['.notdef', '.null', 'uni0020', 'uni0030', 'uni0031', 'uni0032', 'uni0033', 'uni0034', 'uni0035', 'uni0036', 'uni0037', 'uni0038', 'uni0039', 'uni0062', 'uni006E', 'uni007B', 'uni007D', 'uni00A0']</msg>
<msg timestamp="20230814 20:23:16.537" level="INFO">Glyph IDs:   [0, 1, 2, 3, 544, 727, 1256, 1257, 1258, 1260, 1261, 1262, 1264, 1265, 1266, 1267, 1307, 1308]</msg>
<msg timestamp="20230814 20:23:16.537" level="INFO">Closed glyph list over 'glyf': 18 glyphs after</msg>
<msg timestamp="20230814 20:23:16.537" level="INFO">Glyph names: ['.notdef', '.null', 'uni0020', 'uni0030', 'uni0031', 'uni0032', 'uni0033', 'uni0034', 'uni0035', 'uni0036', 'uni0037', 'uni0038', 'uni0039', 'uni0062', 'uni006E', 'uni007B', 'uni007D', 'uni00A0']</msg>
<msg timestamp="20230814 20:23:16.537" level="INFO">Glyph IDs:   [0, 1, 2, 3, 544, 727, 1256, 1257, 1258, 1260, 1261, 1262, 1264, 1265, 1266, 1267, 1307, 1308]</msg>
<msg timestamp="20230814 20:23:16.537" level="INFO">Retaining 18 glyphs</msg>
<msg timestamp="20230814 20:23:16.537" level="INFO">head subsetting not needed</msg>
<msg timestamp="20230814 20:23:16.537" level="INFO">hhea subsetting not needed</msg>
<msg timestamp="20230814 20:23:16.537" level="INFO">maxp subsetting not needed</msg>
<msg timestamp="20230814 20:23:16.537" level="INFO">OS/2 subsetting not needed</msg>
<msg timestamp="20230814 20:23:16.537" level="INFO">hmtx subsetted</msg>
<msg timestamp="20230814 20:23:16.537" level="INFO">cmap subsetted</msg>
<msg timestamp="20230814 20:23:16.537" level="INFO">loca subsetting not needed</msg>
<msg timestamp="20230814 20:23:16.537" level="INFO">post subsetted</msg>
<msg timestamp="20230814 20:23:16.553" level="INFO">name subsetting not needed</msg>
<msg timestamp="20230814 20:23:16.553" level="INFO">glyf subsetted</msg>
<msg timestamp="20230814 20:23:16.553" level="INFO">head pruned</msg>
<msg timestamp="20230814 20:23:16.553" level="INFO">OS/2 Unicode ranges pruned: [0]</msg>
<msg timestamp="20230814 20:23:16.553" level="INFO">glyf pruned</msg>
<status status="PASS" starttime="20230814 20:23:15.845" endtime="20230814 20:23:16.584"/>
</kw>
<msg timestamp="20230814 20:23:16.591" level="INFO">${pdf_filename} = f:\Robocorp Certification Level II\output\receipts\receipt_1.pdf</msg>
<status status="PASS" starttime="20230814 20:23:15.811" endtime="20230814 20:23:16.591"/>
</kw>
<kw name="Embed the robot screenshot to the receipt PDF file">
<arg>IMG_FILE=${screenshot}</arg>
<arg>PDF_FILE=${pdf_filename}</arg>
<kw name="Open Pdf" library="RPA.PDF">
<arg>${PDF_FILE}</arg>
<doc>Open a PDF document for reading.</doc>
<status status="PASS" starttime="20230814 20:23:16.591" endtime="20230814 20:24:52.956"/>
</kw>
<kw name="Create List" library="BuiltIn">
<var>@{myfiles}</var>
<arg>${IMG_FILE}:align=center</arg>
<doc>Returns a list containing given items.</doc>
<msg timestamp="20230814 20:24:53.922" level="INFO">@{myfiles} = [ f:\Robocorp Certification Level II\output\screenshots\robot_preview_image_1.png:align=center ]</msg>
<status status="PASS" starttime="20230814 20:24:52.956" endtime="20230814 20:24:53.925"/>
</kw>
<kw name="Add Files To Pdf" library="RPA.PDF">
<arg>${myfiles}</arg>
<arg>${PDF_FILE}</arg>
<arg>append=True</arg>
<doc>Add images and/or pdfs to new PDF document.</doc>
<msg timestamp="20230814 20:24:54.812" level="INFO">Adding page: 0</msg>
<msg timestamp="20230814 20:24:54.825" level="WARN">Object 7 0 found</msg>
<msg timestamp="20230814 20:24:54.828" level="WARN">Overwriting cache for 0 7</msg>
<msg timestamp="20230814 20:24:54.837" level="WARN">Object 14 0 found</msg>
<msg timestamp="20230814 20:24:54.840" level="WARN">Overwriting cache for 0 14</msg>
<msg timestamp="20230814 20:24:54.848" level="WARN">Object 21 0 found</msg>
<msg timestamp="20230814 20:24:54.854" level="WARN">Overwriting cache for 0 21</msg>
<msg timestamp="20230814 20:24:54.863" level="WARN">Object 28 0 found</msg>
<msg timestamp="20230814 20:24:54.866" level="WARN">Overwriting cache for 0 28</msg>
<msg timestamp="20230814 20:24:54.881" level="INFO">File f:\Robocorp Certification Level II\output\screenshots\robot_preview_image_1.png type: png</msg>
<msg timestamp="20230814 20:24:54.881" level="INFO">Image parameters: {'align': 'center'}</msg>
<status status="PASS" starttime="20230814 20:24:53.925" endtime="20230814 20:24:56.076"/>
</kw>
<status status="PASS" starttime="20230814 20:23:16.591" endtime="20230814 20:24:56.078"/>
</kw>
<kw name="Go to order another robot">
<kw name="Click Button" library="RPA.Browser.Selenium">
<arg>order-another</arg>
<doc>Clicks the button identified by ``locator``.</doc>
<msg timestamp="20230814 20:25:32.604" level="INFO">Clicking button 'order-another'.</msg>
<status status="PASS" starttime="20230814 20:25:30.591" endtime="20230814 20:25:33.279"/>
</kw>
<status status="PASS" starttime="20230814 20:24:56.079" endtime="20230814 20:25:33.279"/>
</kw>
<status status="PASS" starttime="20230814 20:23:13.670" endtime="20230814 20:25:33.611"/>
</iter>
<iter>
<var name="${row}">{'Order number': '2', 'Head': '4', 'Body': '1', 'Legs': '5', 'Address': 'Address 456'}</var>
<kw name="Close the annoying modal">
<kw name="Wait Until Page Contains Element" library="RPA.Browser.Selenium">
<arg>class:alert-buttons</arg>
<doc>Waits until the element ``locator`` appears on the current page.</doc>
<status status="PASS" starttime="20230814 20:25:48.268" endtime="20230814 20:25:48.281"/>
</kw>
<kw name="Click Button" library="RPA.Browser.Selenium">
<arg>OK</arg>
<doc>Clicks the button identified by ``locator``.</doc>
<msg timestamp="20230814 20:25:48.284" level="INFO">Clicking button 'OK'.</msg>
<status status="PASS" starttime="20230814 20:25:48.282" endtime="20230814 20:25:48.358"/>
</kw>
<status status="PASS" starttime="20230814 20:25:35.711" endtime="20230814 20:25:48.360"/>
</kw>
<kw name="Fill the Form">
<arg>${row}</arg>
<kw name="Wait Until Element Is Visible" library="RPA.Browser.Selenium">
<arg>head</arg>
<doc>Waits until the element ``locator`` is visible.</doc>
<status status="PASS" starttime="20230814 20:25:48.363" endtime="20230814 20:25:48.390"/>
</kw>
<kw name="Wait Until Element Is Enabled" library="RPA.Browser.Selenium">
<arg>head</arg>
<doc>Waits until the element ``locator`` is enabled.</doc>
<status status="PASS" starttime="20230814 20:25:48.391" endtime="20230814 20:25:48.426"/>
</kw>
<kw name="Select From List By Value" library="RPA.Browser.Selenium">
<arg>head</arg>
<arg>${formrow}[Head]</arg>
<doc>Selects options from selection list ``locator`` by ``values``.</doc>
<msg timestamp="20230814 20:25:48.429" level="INFO">Selecting options from selection list 'head' by value 4.</msg>
<status status="PASS" starttime="20230814 20:25:48.427" endtime="20230814 20:25:48.495"/>
</kw>
<kw name="Wait Until Element Is Enabled" library="RPA.Browser.Selenium">
<arg>body</arg>
<doc>Waits until the element ``locator`` is enabled.</doc>
<status status="PASS" starttime="20230814 20:25:48.497" endtime="20230814 20:25:48.528"/>
</kw>
<kw name="Select Radio Button" library="RPA.Browser.Selenium">
<arg>body</arg>
<arg>${formrow}[Body]</arg>
<doc>Sets the radio button group ``group_name`` to ``value``.</doc>
<msg timestamp="20230814 20:25:48.530" level="INFO">Selecting '1' from radio button 'body'.</msg>
<status status="PASS" starttime="20230814 20:25:48.529" endtime="20230814 20:25:48.598"/>
</kw>
<kw name="Wait Until Element Is Enabled" library="RPA.Browser.Selenium">
<arg>xpath://html/body/div/div/div[1]/div/div[1]/form/div[3]/input</arg>
<doc>Waits until the element ``locator`` is enabled.</doc>
<status status="PASS" starttime="20230814 20:25:48.601" endtime="20230814 20:25:48.632"/>
</kw>
<kw name="Input Text" library="RPA.Browser.Selenium">
<arg>xpath://html/body/div/div/div[1]/div/div[1]/form/div[3]/input</arg>
<arg>${formrow}[Legs]</arg>
<doc>Types the given ``text`` into the text field identified by ``locator``.</doc>
<msg timestamp="20230814 20:25:48.635" level="INFO">Typing text '5' into text field 'xpath://html/body/div/div/div[1]/div/div[1]/form/div[3]/input'.</msg>
<status status="PASS" starttime="20230814 20:25:48.632" endtime="20230814 20:25:48.722"/>
</kw>
<kw name="Wait Until Element Is Enabled" library="RPA.Browser.Selenium">
<arg>address</arg>
<doc>Waits until the element ``locator`` is enabled.</doc>
<status status="PASS" starttime="20230814 20:25:48.723" endtime="20230814 20:25:48.754"/>
</kw>
<kw name="Input Text" library="RPA.Browser.Selenium">
<arg>address</arg>
<arg>${formrow}[Address]</arg>
<doc>Types the given ``text`` into the text field identified by ``locator``.</doc>
<msg timestamp="20230814 20:25:48.757" level="INFO">Typing text 'Address 456' into text field 'address'.</msg>
<status status="PASS" starttime="20230814 20:25:48.755" endtime="20230814 20:25:48.854"/>
</kw>
<status status="PASS" starttime="20230814 20:25:48.361" endtime="20230814 20:25:48.855"/>
</kw>
<kw name="Wait Until Keyword Succeeds" library="BuiltIn">
<arg>10x</arg>
<arg>2s</arg>
<arg>Preview the robot</arg>
<doc>Runs the specified keyword and retries if it fails.</doc>
<kw name="Preview the robot">
<kw name="Click Button" library="RPA.Browser.Selenium">
<arg>preview</arg>
<doc>Clicks the button identified by ``locator``.</doc>
<msg timestamp="20230814 20:25:48.861" level="INFO">Clicking button 'preview'.</msg>
<status status="PASS" starttime="20230814 20:25:48.860" endtime="20230814 20:25:48.930"/>
</kw>
<kw name="Wait Until Element Is Visible" library="RPA.Browser.Selenium">
<arg>robot-preview-image</arg>
<doc>Waits until the element ``locator`` is visible.</doc>
<status status="PASS" starttime="20230814 20:25:48.932" endtime="20230814 20:25:48.958"/>
</kw>
<status status="PASS" starttime="20230814 20:25:48.858" endtime="20230814 20:25:48.959"/>
</kw>
<status status="PASS" starttime="20230814 20:25:48.857" endtime="20230814 20:25:48.960"/>
</kw>
<kw name="Wait Until Keyword Succeeds" library="BuiltIn">
<arg>10x</arg>
<arg>2s</arg>
<arg>Submit the order</arg>
<doc>Runs the specified keyword and retries if it fails.</doc>
<kw name="Submit the order">
<kw name="Mute Run On Failure" library="RPA.RobotLogListener">
<arg>Page Should contain Element</arg>
<doc>Set keywords which should not execute `SeleniumLibrary`
default behaviour of running keyword on failure.</doc>
<kw name="Get Library Instance" library="BuiltIn">
<arg>RPA.Browser</arg>
<doc>Returns the currently active instance of the specified library.</doc>
<msg timestamp="20230814 20:25:48.969" level="FAIL">No library 'RPA.Browser' found.</msg>
<status status="FAIL" starttime="20230814 20:25:48.965" endtime="20230814 20:25:48.970"/>
</kw>
<kw name="Get Library Instance" library="BuiltIn">
<arg>RPA.Browser.Selenium</arg>
<doc>Returns the currently active instance of the specified library.</doc>
<status status="PASS" starttime="20230814 20:25:48.972" endtime="20230814 20:25:48.974"/>
</kw>
<status status="PASS" starttime="20230814 20:25:48.964" endtime="20230814 20:25:48.975"/>
</kw>
<kw name="Click Button" library="RPA.Browser.Selenium">
<arg>order</arg>
<doc>Clicks the button identified by ``locator``.</doc>
<msg timestamp="20230814 20:25:48.977" level="INFO">Clicking button 'order'.</msg>
<status status="PASS" starttime="20230814 20:25:48.975" endtime="20230814 20:25:49.060"/>
</kw>
<kw name="Page Should Contain Element" library="RPA.Browser.Selenium">
<arg>receipt</arg>
<doc>Verifies that element ``locator`` is found on the current page.</doc>
<msg timestamp="20230814 20:25:49.062" level="INFO">No keyword will be run on failure.</msg>
<msg timestamp="20230814 20:25:49.063" level="INFO">No keyword will be run on failure.</msg>
<msg timestamp="20230814 20:25:49.077" level="INFO">Current page contains element 'receipt'.</msg>
<status status="PASS" starttime="20230814 20:25:49.061" endtime="20230814 20:25:49.078"/>
</kw>
<kw name="Page Should Contain Element" library="RPA.Browser.Selenium">
<arg>order-another</arg>
<doc>Verifies that element ``locator`` is found on the current page.</doc>
<msg timestamp="20230814 20:25:49.081" level="INFO">No keyword will be run on failure.</msg>
<msg timestamp="20230814 20:25:49.081" level="INFO">No keyword will be run on failure.</msg>
<msg timestamp="20230814 20:25:49.093" level="INFO">Current page contains element 'order-another'.</msg>
<status status="PASS" starttime="20230814 20:25:49.079" endtime="20230814 20:25:49.093"/>
</kw>
<status status="PASS" starttime="20230814 20:25:48.963" endtime="20230814 20:25:49.094"/>
</kw>
<status status="PASS" starttime="20230814 20:25:48.961" endtime="20230814 20:25:49.095"/>
</kw>
<kw name="Take a screenshot of the robot image">
<var>${screenshot}</var>
<arg>${row}[Order number]</arg>
<kw name="Set Local Variable" library="BuiltIn">
<arg>${file_path}</arg>
<arg>${screenshot_dir}${/}robot_preview_image_${order_number}.png</arg>
<doc>Makes a variable available everywhere within the local scope.</doc>
<msg timestamp="20230814 20:25:49.109" level="INFO">${file_path} = f:\Robocorp Certification Level II\output\screenshots\robot_preview_image_2.png</msg>
<status status="PASS" starttime="20230814 20:25:49.099" endtime="20230814 20:25:49.110"/>
</kw>
<kw name="Sleep" library="BuiltIn">
<arg>1sec</arg>
<doc>Pauses the test executed for the given time.</doc>
<msg timestamp="20230814 20:25:50.118" level="INFO">Slept 1 second</msg>
<status status="PASS" starttime="20230814 20:25:49.111" endtime="20230814 20:25:50.122"/>
</kw>
<kw name="Capture Element Screenshot" library="RPA.Browser.Selenium">
<arg>robot-preview-image</arg>
<arg>${file_path}</arg>
<doc>Captures a screenshot from the element identified by ``locator`` and embeds it into log file.</doc>
<msg timestamp="20230814 20:25:50.290" level="INFO" html="true">&lt;/td&gt;&lt;/tr&gt;&lt;tr&gt;&lt;td colspan="3"&gt;&lt;a href="file:///F:/Robocorp%20Certification%20Level%20II/output/screenshots/robot_preview_image_2.png"&gt;&lt;img src="file:///F:/Robocorp%20Certification%20Level%20II/output/screenshots/robot_preview_image_2.png" width="400px"&gt;&lt;/a&gt;</msg>
<status status="PASS" starttime="20230814 20:25:50.128" endtime="20230814 20:25:50.291"/>
</kw>
<msg timestamp="20230814 20:25:50.293" level="INFO">${screenshot} = f:\Robocorp Certification Level II\output\screenshots\robot_preview_image_2.png</msg>
<status status="PASS" starttime="20230814 20:25:49.096" endtime="20230814 20:25:50.293"/>
</kw>
<kw name="Store the order receipt as a PDF file">
<var>${pdf_filename}</var>
<arg>${row}[Order number]</arg>
<kw name="Get Element Attribute" library="RPA.Browser.Selenium">
<var>${receipt_html}</var>
<arg>receipt</arg>
<arg>outerHTML</arg>
<doc>Returns the value of ``attribute`` from the element ``locator``.</doc>
<msg timestamp="20230814 20:25:50.322" level="INFO">${receipt_html} = &lt;div id="receipt" class="alert alert-success" role="alert"&gt;&lt;h3&gt;Receipt&lt;/h3&gt;&lt;div&gt;2023-08-14T14:55:49.051Z&lt;/div&gt;&lt;p class="badge badge-success"&gt;RSB-ROBO-ORDER-3UJ9B0OI58&lt;/p&gt;&lt;p&gt;Address 456&lt;/p&gt;&lt;div id="par...</msg>
<status status="PASS" starttime="20230814 20:25:50.298" endtime="20230814 20:25:50.322"/>
</kw>
<kw name="Set Local Variable" library="BuiltIn">
<arg>${pdf_file_path}</arg>
<arg>${receipt_dir}${/}receipt_${order_number}.pdf</arg>
<doc>Makes a variable available everywhere within the local scope.</doc>
<msg timestamp="20230814 20:25:50.328" level="INFO">${pdf_file_path} = f:\Robocorp Certification Level II\output\receipts\receipt_2.pdf</msg>
<status status="PASS" starttime="20230814 20:25:50.323" endtime="20230814 20:25:50.328"/>
</kw>
<kw name="Html To Pdf" library="RPA.PDF">
<arg>${receipt_html}</arg>
<arg>${pdf_file_path}</arg>
<doc>Generate a PDF file from HTML content.</doc>
<msg timestamp="20230814 20:25:50.332" level="INFO">Writing output to file F:\Robocorp Certification Level II\output\receipts\receipt_2.pdf</msg>
<msg timestamp="20230814 20:25:50.648" level="INFO">maxp pruned</msg>
<msg timestamp="20230814 20:25:50.648" level="INFO">cmap pruned</msg>
<msg timestamp="20230814 20:25:50.648" level="INFO">post pruned</msg>
<msg timestamp="20230814 20:25:50.648" level="INFO">GDEF dropped</msg>
<msg timestamp="20230814 20:25:50.650" level="INFO">GPOS dropped</msg>
<msg timestamp="20230814 20:25:50.650" level="INFO">GSUB dropped</msg>
<msg timestamp="20230814 20:25:50.654" level="INFO">name pruned</msg>
<msg timestamp="20230814 20:25:50.665" level="INFO">glyf pruned</msg>
<msg timestamp="20230814 20:25:50.666" level="INFO">Added gid0 to subset</msg>
<msg timestamp="20230814 20:25:50.666" level="INFO">Added first four glyphs to subset</msg>
<msg timestamp="20230814 20:25:50.667" level="INFO">Closing glyph list over 'glyf': 58 glyphs before</msg>
<msg timestamp="20230814 20:25:50.667" level="INFO">Glyph names: ['.notdef', '.null', 'uni0020', 'uni0021', 'uni002D', 'uni002E', 'uni0030', 'uni0031', 'uni0032', 'uni0033', 'uni0034', 'uni0035', 'uni0036', 'uni0037', 'uni0038', 'uni0039', 'uni003A', 'uni0041', 'uni0042', 'uni0044', 'uni0045', 'uni0048', 'uni0049', 'uni004A', 'uni004C', 'uni004F', 'uni0052', 'uni0053', 'uni0054', 'uni0055', 'uni0057', 'uni0059', 'uni005A', 'uni0061', 'uni0062', 'uni0063', 'uni0064', 'uni0065', 'uni0066', 'uni0067', 'uni0068', 'uni0069', 'uni006B', 'uni006C', 'uni006D', 'uni006E', 'uni006F', 'uni0070', 'uni0072', 'uni0073', 'uni0074', 'uni0075', 'uni0076', 'uni0077', 'uni0079', 'uni007B', 'uni007D', 'uni00C4']</msg>
<msg timestamp="20230814 20:25:50.669" level="INFO">Glyph IDs:   [0, 1, 2, 3, 65, 84, 95, 161, 197, 265, 280, 320, 382, 395, 409, 421, 456, 469, 493, 504, 575, 582, 594, 612, 645, 650, 660, 679, 715, 723, 752, 759, 775, 827, 837, 867, 884, 899, 932, 936, 950, 1294, 1295, 1296, 1298, 1299, 1300, 1302, 1303, 1304, 1305, 1329, 1345, 1346, 1361, 1404, 1407, 1681]</msg>
<msg timestamp="20230814 20:25:50.670" level="INFO">Closed glyph list over 'glyf': 58 glyphs after</msg>
<msg timestamp="20230814 20:25:50.670" level="INFO">Glyph names: ['.notdef', '.null', 'uni0020', 'uni0021', 'uni002D', 'uni002E', 'uni0030', 'uni0031', 'uni0032', 'uni0033', 'uni0034', 'uni0035', 'uni0036', 'uni0037', 'uni0038', 'uni0039', 'uni003A', 'uni0041', 'uni0042', 'uni0044', 'uni0045', 'uni0048', 'uni0049', 'uni004A', 'uni004C', 'uni004F', 'uni0052', 'uni0053', 'uni0054', 'uni0055', 'uni0057', 'uni0059', 'uni005A', 'uni0061', 'uni0062', 'uni0063', 'uni0064', 'uni0065', 'uni0066', 'uni0067', 'uni0068', 'uni0069', 'uni006B', 'uni006C', 'uni006D', 'uni006E', 'uni006F', 'uni0070', 'uni0072', 'uni0073', 'uni0074', 'uni0075', 'uni0076', 'uni0077', 'uni0079', 'uni007B', 'uni007D', 'uni00C4']</msg>
<msg timestamp="20230814 20:25:50.672" level="INFO">Glyph IDs:   [0, 1, 2, 3, 65, 84, 95, 161, 197, 265, 280, 320, 382, 395, 409, 421, 456, 469, 493, 504, 575, 582, 594, 612, 645, 650, 660, 679, 715, 723, 752, 759, 775, 827, 837, 867, 884, 899, 932, 936, 950, 1294, 1295, 1296, 1298, 1299, 1300, 1302, 1303, 1304, 1305, 1329, 1345, 1346, 1361, 1404, 1407, 1681]</msg>
<msg timestamp="20230814 20:25:50.672" level="INFO">Retaining 58 glyphs</msg>
<msg timestamp="20230814 20:25:50.674" level="INFO">head subsetting not needed</msg>
<msg timestamp="20230814 20:25:50.674" level="INFO">hhea subsetting not needed</msg>
<msg timestamp="20230814 20:25:50.675" level="INFO">maxp subsetting not needed</msg>
<msg timestamp="20230814 20:25:50.675" level="INFO">OS/2 subsetting not needed</msg>
<msg timestamp="20230814 20:25:50.680" level="INFO">hmtx subsetted</msg>
<msg timestamp="20230814 20:25:50.682" level="INFO">cmap subsetted</msg>
<msg timestamp="20230814 20:25:50.682" level="INFO">prep subsetting not needed</msg>
<msg timestamp="20230814 20:25:50.683" level="INFO">loca subsetting not needed</msg>
<msg timestamp="20230814 20:25:50.683" level="INFO">post subsetted</msg>
<msg timestamp="20230814 20:25:50.684" level="INFO">gasp subsetting not needed</msg>
<msg timestamp="20230814 20:25:50.684" level="INFO">STAT subsetting not needed</msg>
<msg timestamp="20230814 20:25:50.685" level="INFO">name subsetting not needed</msg>
<msg timestamp="20230814 20:25:50.686" level="INFO">glyf subsetted</msg>
<msg timestamp="20230814 20:25:50.688" level="INFO">head pruned</msg>
<msg timestamp="20230814 20:25:50.689" level="INFO">OS/2 Unicode ranges pruned: [0]</msg>
<msg timestamp="20230814 20:25:50.692" level="INFO">glyf pruned</msg>
<msg timestamp="20230814 20:25:50.804" level="INFO">maxp pruned</msg>
<msg timestamp="20230814 20:25:50.806" level="INFO">cmap pruned</msg>
<msg timestamp="20230814 20:25:50.809" level="INFO">post pruned</msg>
<msg timestamp="20230814 20:25:50.810" level="INFO">GDEF dropped</msg>
<msg timestamp="20230814 20:25:50.812" level="INFO">GPOS dropped</msg>
<msg timestamp="20230814 20:25:50.813" level="INFO">GSUB dropped</msg>
<msg timestamp="20230814 20:25:50.817" level="INFO">name pruned</msg>
<msg timestamp="20230814 20:25:50.892" level="INFO">glyf pruned</msg>
<msg timestamp="20230814 20:25:50.894" level="INFO">Added gid0 to subset</msg>
<msg timestamp="20230814 20:25:50.895" level="INFO">Added first four glyphs to subset</msg>
<msg timestamp="20230814 20:25:50.896" level="INFO">Closing glyph list over 'glyf': 19 glyphs before</msg>
<msg timestamp="20230814 20:25:50.897" level="INFO">Glyph names: ['.notdef', '.null', 'uni0020', 'uni0030', 'uni0031', 'uni0032', 'uni0033', 'uni0034', 'uni0035', 'uni0036', 'uni0037', 'uni0038', 'uni0039', 'uni0041', 'uni0062', 'uni006E', 'uni007B', 'uni007D', 'uni00C4']</msg>
<msg timestamp="20230814 20:25:50.899" level="INFO">Glyph IDs:   [0, 1, 2, 3, 575, 759, 1294, 1295, 1296, 1298, 1299, 1300, 1302, 1303, 1304, 1305, 1345, 1346, 1681]</msg>
<msg timestamp="20230814 20:25:50.901" level="INFO">Closed glyph list over 'glyf': 19 glyphs after</msg>
<msg timestamp="20230814 20:25:50.902" level="INFO">Glyph names: ['.notdef', '.null', 'uni0020', 'uni0030', 'uni0031', 'uni0032', 'uni0033', 'uni0034', 'uni0035', 'uni0036', 'uni0037', 'uni0038', 'uni0039', 'uni0041', 'uni0062', 'uni006E', 'uni007B', 'uni007D', 'uni00C4']</msg>
<msg timestamp="20230814 20:25:50.903" level="INFO">Glyph IDs:   [0, 1, 2, 3, 575, 759, 1294, 1295, 1296, 1298, 1299, 1300, 1302, 1303, 1304, 1305, 1345, 1346, 1681]</msg>
<msg timestamp="20230814 20:25:50.905" level="INFO">Retaining 19 glyphs</msg>
<msg timestamp="20230814 20:25:50.907" level="INFO">head subsetting not needed</msg>
<msg timestamp="20230814 20:25:50.907" level="INFO">hhea subsetting not needed</msg>
<msg timestamp="20230814 20:25:50.908" level="INFO">maxp subsetting not needed</msg>
<msg timestamp="20230814 20:25:50.909" level="INFO">OS/2 subsetting not needed</msg>
<msg timestamp="20230814 20:25:50.914" level="INFO">hmtx subsetted</msg>
<msg timestamp="20230814 20:25:50.918" level="INFO">cmap subsetted</msg>
<msg timestamp="20230814 20:25:50.920" level="INFO">prep subsetting not needed</msg>
<msg timestamp="20230814 20:25:50.920" level="INFO">loca subsetting not needed</msg>
<msg timestamp="20230814 20:25:50.921" level="INFO">post subsetted</msg>
<msg timestamp="20230814 20:25:50.922" level="INFO">gasp subsetting not needed</msg>
<msg timestamp="20230814 20:25:50.922" level="INFO">STAT subsetting not needed</msg>
<msg timestamp="20230814 20:25:50.923" level="INFO">name subsetting not needed</msg>
<msg timestamp="20230814 20:25:50.925" level="INFO">glyf subsetted</msg>
<msg timestamp="20230814 20:25:50.927" level="INFO">head pruned</msg>
<msg timestamp="20230814 20:25:50.928" level="INFO">OS/2 Unicode ranges pruned: [0]</msg>
<msg timestamp="20230814 20:25:50.931" level="INFO">glyf pruned</msg>
<msg timestamp="20230814 20:25:50.977" level="INFO">maxp pruned</msg>
<msg timestamp="20230814 20:25:50.978" level="INFO">cmap pruned</msg>
<msg timestamp="20230814 20:25:50.979" level="INFO">post pruned</msg>
<msg timestamp="20230814 20:25:50.979" level="INFO">GDEF dropped</msg>
<msg timestamp="20230814 20:25:50.980" level="INFO">GPOS dropped</msg>
<msg timestamp="20230814 20:25:50.981" level="INFO">GSUB dropped</msg>
<msg timestamp="20230814 20:25:50.982" level="INFO">name pruned</msg>
<msg timestamp="20230814 20:25:50.994" level="INFO">glyf pruned</msg>
<msg timestamp="20230814 20:25:51.001" level="INFO">Added gid0 to subset</msg>
<msg timestamp="20230814 20:25:51.002" level="INFO">Added first four glyphs to subset</msg>
<msg timestamp="20230814 20:25:51.002" level="INFO">Closing glyph list over 'glyf': 18 glyphs before</msg>
<msg timestamp="20230814 20:25:51.003" level="INFO">Glyph names: ['.notdef', '.null', 'uni0020', 'uni0030', 'uni0031', 'uni0032', 'uni0033', 'uni0034', 'uni0035', 'uni0036', 'uni0037', 'uni0038', 'uni0039', 'uni0062', 'uni006E', 'uni007B', 'uni007D', 'uni00A0']</msg>
<msg timestamp="20230814 20:25:51.004" level="INFO">Glyph IDs:   [0, 1, 2, 3, 544, 727, 1256, 1257, 1258, 1260, 1261, 1262, 1264, 1265, 1266, 1267, 1307, 1308]</msg>
<msg timestamp="20230814 20:25:51.005" level="INFO">Closed glyph list over 'glyf': 18 glyphs after</msg>
<msg timestamp="20230814 20:25:51.005" level="INFO">Glyph names: ['.notdef', '.null', 'uni0020', 'uni0030', 'uni0031', 'uni0032', 'uni0033', 'uni0034', 'uni0035', 'uni0036', 'uni0037', 'uni0038', 'uni0039', 'uni0062', 'uni006E', 'uni007B', 'uni007D', 'uni00A0']</msg>
<msg timestamp="20230814 20:25:51.006" level="INFO">Glyph IDs:   [0, 1, 2, 3, 544, 727, 1256, 1257, 1258, 1260, 1261, 1262, 1264, 1265, 1266, 1267, 1307, 1308]</msg>
<msg timestamp="20230814 20:25:51.007" level="INFO">Retaining 18 glyphs</msg>
<msg timestamp="20230814 20:25:51.008" level="INFO">head subsetting not needed</msg>
<msg timestamp="20230814 20:25:51.008" level="INFO">hhea subsetting not needed</msg>
<msg timestamp="20230814 20:25:51.009" level="INFO">maxp subsetting not needed</msg>
<msg timestamp="20230814 20:25:51.009" level="INFO">OS/2 subsetting not needed</msg>
<msg timestamp="20230814 20:25:51.012" level="INFO">hmtx subsetted</msg>
<msg timestamp="20230814 20:25:51.014" level="INFO">cmap subsetted</msg>
<msg timestamp="20230814 20:25:51.014" level="INFO">loca subsetting not needed</msg>
<msg timestamp="20230814 20:25:51.014" level="INFO">post subsetted</msg>
<msg timestamp="20230814 20:25:51.015" level="INFO">name subsetting not needed</msg>
<msg timestamp="20230814 20:25:51.015" level="INFO">glyf subsetted</msg>
<msg timestamp="20230814 20:25:51.015" level="INFO">head pruned</msg>
<msg timestamp="20230814 20:25:51.018" level="INFO">OS/2 Unicode ranges pruned: [0]</msg>
<msg timestamp="20230814 20:25:51.021" level="INFO">glyf pruned</msg>
<msg timestamp="20230814 20:25:51.062" level="INFO">maxp pruned</msg>
<msg timestamp="20230814 20:25:51.062" level="INFO">cmap pruned</msg>
<msg timestamp="20230814 20:25:51.063" level="INFO">post pruned</msg>
<msg timestamp="20230814 20:25:51.063" level="INFO">GDEF dropped</msg>
<msg timestamp="20230814 20:25:51.064" level="INFO">GPOS dropped</msg>
<msg timestamp="20230814 20:25:51.064" level="INFO">GSUB dropped</msg>
<msg timestamp="20230814 20:25:51.065" level="INFO">name pruned</msg>
<msg timestamp="20230814 20:25:51.077" level="INFO">glyf pruned</msg>
<msg timestamp="20230814 20:25:51.083" level="INFO">Added gid0 to subset</msg>
<msg timestamp="20230814 20:25:51.083" level="INFO">Added first four glyphs to subset</msg>
<msg timestamp="20230814 20:25:51.084" level="INFO">Closing glyph list over 'glyf': 18 glyphs before</msg>
<msg timestamp="20230814 20:25:51.085" level="INFO">Glyph names: ['.notdef', '.null', 'uni0020', 'uni0030', 'uni0031', 'uni0032', 'uni0033', 'uni0034', 'uni0035', 'uni0036', 'uni0037', 'uni0038', 'uni0039', 'uni0062', 'uni006E', 'uni007B', 'uni007D', 'uni00A0']</msg>
<msg timestamp="20230814 20:25:51.086" level="INFO">Glyph IDs:   [0, 1, 2, 3, 544, 727, 1256, 1257, 1258, 1260, 1261, 1262, 1264, 1265, 1266, 1267, 1307, 1308]</msg>
<msg timestamp="20230814 20:25:51.087" level="INFO">Closed glyph list over 'glyf': 18 glyphs after</msg>
<msg timestamp="20230814 20:25:51.087" level="INFO">Glyph names: ['.notdef', '.null', 'uni0020', 'uni0030', 'uni0031', 'uni0032', 'uni0033', 'uni0034', 'uni0035', 'uni0036', 'uni0037', 'uni0038', 'uni0039', 'uni0062', 'uni006E', 'uni007B', 'uni007D', 'uni00A0']</msg>
<msg timestamp="20230814 20:25:51.088" level="INFO">Glyph IDs:   [0, 1, 2, 3, 544, 727, 1256, 1257, 1258, 1260, 1261, 1262, 1264, 1265, 1266, 1267, 1307, 1308]</msg>
<msg timestamp="20230814 20:25:51.089" level="INFO">Retaining 18 glyphs</msg>
<msg timestamp="20230814 20:25:51.090" level="INFO">head subsetting not needed</msg>
<msg timestamp="20230814 20:25:51.091" level="INFO">hhea subsetting not needed</msg>
<msg timestamp="20230814 20:25:51.091" level="INFO">maxp subsetting not needed</msg>
<msg timestamp="20230814 20:25:51.092" level="INFO">OS/2 subsetting not needed</msg>
<msg timestamp="20230814 20:25:51.096" level="INFO">hmtx subsetted</msg>
<msg timestamp="20230814 20:25:51.097" level="INFO">cmap subsetted</msg>
<msg timestamp="20230814 20:25:51.099" level="INFO">loca subsetting not needed</msg>
<msg timestamp="20230814 20:25:51.099" level="INFO">post subsetted</msg>
<msg timestamp="20230814 20:25:51.099" level="INFO">name subsetting not needed</msg>
<msg timestamp="20230814 20:25:51.102" level="INFO">glyf subsetted</msg>
<msg timestamp="20230814 20:25:51.103" level="INFO">head pruned</msg>
<msg timestamp="20230814 20:25:51.103" level="INFO">OS/2 Unicode ranges pruned: [0]</msg>
<msg timestamp="20230814 20:25:51.105" level="INFO">glyf pruned</msg>
<status status="PASS" starttime="20230814 20:25:50.329" endtime="20230814 20:25:51.138"/>
</kw>
<msg timestamp="20230814 20:25:51.141" level="INFO">${pdf_filename} = f:\Robocorp Certification Level II\output\receipts\receipt_2.pdf</msg>
<status status="PASS" starttime="20230814 20:25:50.294" endtime="20230814 20:25:51.142"/>
</kw>
<kw name="Embed the robot screenshot to the receipt PDF file">
<arg>IMG_FILE=${screenshot}</arg>
<arg>PDF_FILE=${pdf_filename}</arg>
<kw name="Open Pdf" library="RPA.PDF">
<arg>${PDF_FILE}</arg>
<doc>Open a PDF document for reading.</doc>
<status status="PASS" starttime="20230814 20:25:51.146" endtime="20230814 20:25:51.165"/>
</kw>
<kw name="Create List" library="BuiltIn">
<var>@{myfiles}</var>
<arg>${IMG_FILE}:align=center</arg>
<doc>Returns a list containing given items.</doc>
<msg timestamp="20230814 20:25:51.171" level="INFO">@{myfiles} = [ f:\Robocorp Certification Level II\output\screenshots\robot_preview_image_2.png:align=center ]</msg>
<status status="PASS" starttime="20230814 20:25:51.167" endtime="20230814 20:25:51.172"/>
</kw>
<kw name="Add Files To Pdf" library="RPA.PDF">
<arg>${myfiles}</arg>
<arg>${PDF_FILE}</arg>
<arg>append=True</arg>
<doc>Add images and/or pdfs to new PDF document.</doc>
<msg timestamp="20230814 20:25:51.180" level="INFO">Adding page: 0</msg>
<msg timestamp="20230814 20:25:51.188" level="WARN">Object 7 0 found</msg>
<msg timestamp="20230814 20:25:51.191" level="WARN">Overwriting cache for 0 7</msg>
<msg timestamp="20230814 20:25:51.199" level="WARN">Object 14 0 found</msg>
<msg timestamp="20230814 20:25:51.203" level="WARN">Overwriting cache for 0 14</msg>
<msg timestamp="20230814 20:25:51.214" level="WARN">Object 21 0 found</msg>
<msg timestamp="20230814 20:25:51.263" level="WARN">Overwriting cache for 0 21</msg>
<msg timestamp="20230814 20:25:51.271" level="WARN">Object 28 0 found</msg>
<msg timestamp="20230814 20:25:51.273" level="WARN">Overwriting cache for 0 28</msg>
<msg timestamp="20230814 20:25:51.290" level="INFO">File f:\Robocorp Certification Level II\output\screenshots\robot_preview_image_2.png type: png</msg>
<msg timestamp="20230814 20:25:51.292" level="INFO">Image parameters: {'align': 'center'}</msg>
<status status="PASS" starttime="20230814 20:25:51.173" endtime="20230814 20:25:52.245"/>
</kw>
<status status="PASS" starttime="20230814 20:25:51.143" endtime="20230814 20:25:52.246"/>
</kw>
<kw name="Go to order another robot">
<kw name="Click Button" library="RPA.Browser.Selenium">
<arg>order-another</arg>
<doc>Clicks the button identified by ``locator``.</doc>
<msg timestamp="20230814 20:25:52.251" level="INFO">Clicking button 'order-another'.</msg>
<status status="PASS" starttime="20230814 20:25:52.249" endtime="20230814 20:25:52.487"/>
</kw>
<status status="PASS" starttime="20230814 20:25:52.247" endtime="20230814 20:25:52.490"/>
</kw>
<status status="PASS" starttime="20230814 20:25:33.617" endtime="20230814 20:25:52.491"/>
</iter>
<iter>
<var name="${row}">{'Order number': '3', 'Head': '6', 'Body': '2', 'Legs': '3', 'Address': 'Address 789'}</var>
<kw name="Close the annoying modal">
<kw name="Wait Until Page Contains Element" library="RPA.Browser.Selenium">
<arg>class:alert-buttons</arg>
<doc>Waits until the element ``locator`` appears on the current page.</doc>
<status status="PASS" starttime="20230814 20:25:52.498" endtime="20230814 20:25:52.524"/>
</kw>
<kw name="Click Button" library="RPA.Browser.Selenium">
<arg>OK</arg>
<doc>Clicks the button identified by ``locator``.</doc>
<msg timestamp="20230814 20:25:52.527" level="INFO">Clicking button 'OK'.</msg>
<status status="PASS" starttime="20230814 20:25:52.525" endtime="20230814 20:25:52.585"/>
</kw>
<status status="PASS" starttime="20230814 20:25:52.495" endtime="20230814 20:25:52.587"/>
</kw>
<kw name="Fill the Form">
<arg>${row}</arg>
<kw name="Wait Until Element Is Visible" library="RPA.Browser.Selenium">
<arg>head</arg>
<doc>Waits until the element ``locator`` is visible.</doc>
<status status="PASS" starttime="20230814 20:25:52.591" endtime="20230814 20:25:52.614"/>
</kw>
<kw name="Wait Until Element Is Enabled" library="RPA.Browser.Selenium">
<arg>head</arg>
<doc>Waits until the element ``locator`` is enabled.</doc>
<status status="PASS" starttime="20230814 20:25:52.615" endtime="20230814 20:25:52.645"/>
</kw>
<kw name="Select From List By Value" library="RPA.Browser.Selenium">
<arg>head</arg>
<arg>${formrow}[Head]</arg>
<doc>Selects options from selection list ``locator`` by ``values``.</doc>
<msg timestamp="20230814 20:25:52.647" level="INFO">Selecting options from selection list 'head' by value 6.</msg>
<status status="PASS" starttime="20230814 20:25:52.646" endtime="20230814 20:25:52.730"/>
</kw>
<kw name="Wait Until Element Is Enabled" library="RPA.Browser.Selenium">
<arg>body</arg>
<doc>Waits until the element ``locator`` is enabled.</doc>
<status status="PASS" starttime="20230814 20:25:52.731" endtime="20230814 20:25:52.772"/>
</kw>
<kw name="Select Radio Button" library="RPA.Browser.Selenium">
<arg>body</arg>
<arg>${formrow}[Body]</arg>
<doc>Sets the radio button group ``group_name`` to ``value``.</doc>
<msg timestamp="20230814 20:25:52.776" level="INFO">Selecting '2' from radio button 'body'.</msg>
<status status="PASS" starttime="20230814 20:25:52.774" endtime="20230814 20:25:52.841"/>
</kw>
<kw name="Wait Until Element Is Enabled" library="RPA.Browser.Selenium">
<arg>xpath://html/body/div/div/div[1]/div/div[1]/form/div[3]/input</arg>
<doc>Waits until the element ``locator`` is enabled.</doc>
<status status="PASS" starttime="20230814 20:25:52.842" endtime="20230814 20:25:52.881"/>
</kw>
<kw name="Input Text" library="RPA.Browser.Selenium">
<arg>xpath://html/body/div/div/div[1]/div/div[1]/form/div[3]/input</arg>
<arg>${formrow}[Legs]</arg>
<doc>Types the given ``text`` into the text field identified by ``locator``.</doc>
<msg timestamp="20230814 20:25:52.885" level="INFO">Typing text '3' into text field 'xpath://html/body/div/div/div[1]/div/div[1]/form/div[3]/input'.</msg>
<status status="PASS" starttime="20230814 20:25:52.882" endtime="20230814 20:25:52.977"/>
</kw>
<kw name="Wait Until Element Is Enabled" library="RPA.Browser.Selenium">
<arg>address</arg>
<doc>Waits until the element ``locator`` is enabled.</doc>
<status status="PASS" starttime="20230814 20:25:52.978" endtime="20230814 20:25:53.010"/>
</kw>
<kw name="Input Text" library="RPA.Browser.Selenium">
<arg>address</arg>
<arg>${formrow}[Address]</arg>
<doc>Types the given ``text`` into the text field identified by ``locator``.</doc>
<msg timestamp="20230814 20:25:53.014" level="INFO">Typing text 'Address 789' into text field 'address'.</msg>
<status status="PASS" starttime="20230814 20:25:53.012" endtime="20230814 20:25:53.109"/>
</kw>
<status status="PASS" starttime="20230814 20:25:52.588" endtime="20230814 20:25:53.110"/>
</kw>
<kw name="Wait Until Keyword Succeeds" library="BuiltIn">
<arg>10x</arg>
<arg>2s</arg>
<arg>Preview the robot</arg>
<doc>Runs the specified keyword and retries if it fails.</doc>
<kw name="Preview the robot">
<kw name="Click Button" library="RPA.Browser.Selenium">
<arg>preview</arg>
<doc>Clicks the button identified by ``locator``.</doc>
<msg timestamp="20230814 20:25:53.116" level="INFO">Clicking button 'preview'.</msg>
<status status="PASS" starttime="20230814 20:25:53.115" endtime="20230814 20:25:53.183"/>
</kw>
<kw name="Wait Until Element Is Visible" library="RPA.Browser.Selenium">
<arg>robot-preview-image</arg>
<doc>Waits until the element ``locator`` is visible.</doc>
<status status="PASS" starttime="20230814 20:25:53.185" endtime="20230814 20:25:53.211"/>
</kw>
<status status="PASS" starttime="20230814 20:25:53.113" endtime="20230814 20:25:53.212"/>
</kw>
<status status="PASS" starttime="20230814 20:25:53.111" endtime="20230814 20:25:53.213"/>
</kw>
<kw name="Wait Until Keyword Succeeds" library="BuiltIn">
<arg>10x</arg>
<arg>2s</arg>
<arg>Submit the order</arg>
<doc>Runs the specified keyword and retries if it fails.</doc>
<kw name="Submit the order">
<kw name="Mute Run On Failure" library="RPA.RobotLogListener">
<arg>Page Should contain Element</arg>
<doc>Set keywords which should not execute `SeleniumLibrary`
default behaviour of running keyword on failure.</doc>
<kw name="Get Library Instance" library="BuiltIn">
<arg>RPA.Browser</arg>
<doc>Returns the currently active instance of the specified library.</doc>
<msg timestamp="20230814 20:25:53.223" level="FAIL">No library 'RPA.Browser' found.</msg>
<status status="FAIL" starttime="20230814 20:25:53.220" endtime="20230814 20:25:53.224"/>
</kw>
<kw name="Get Library Instance" library="BuiltIn">
<arg>RPA.Browser.Selenium</arg>
<doc>Returns the currently active instance of the specified library.</doc>
<status status="PASS" starttime="20230814 20:25:53.226" endtime="20230814 20:25:53.227"/>
</kw>
<status status="PASS" starttime="20230814 20:25:53.217" endtime="20230814 20:25:53.227"/>
</kw>
<kw name="Click Button" library="RPA.Browser.Selenium">
<arg>order</arg>
<doc>Clicks the button identified by ``locator``.</doc>
<msg timestamp="20230814 20:25:53.230" level="INFO">Clicking button 'order'.</msg>
<status status="PASS" starttime="20230814 20:25:53.228" endtime="20230814 20:25:53.303"/>
</kw>
<kw name="Page Should Contain Element" library="RPA.Browser.Selenium">
<arg>receipt</arg>
<doc>Verifies that element ``locator`` is found on the current page.</doc>
<msg timestamp="20230814 20:25:53.305" level="INFO">No keyword will be run on failure.</msg>
<msg timestamp="20230814 20:25:53.305" level="INFO">No keyword will be run on failure.</msg>
<msg timestamp="20230814 20:25:53.306" level="INFO">No keyword will be run on failure.</msg>
<msg timestamp="20230814 20:25:53.318" level="INFO">Current page contains element 'receipt'.</msg>
<status status="PASS" starttime="20230814 20:25:53.304" endtime="20230814 20:25:53.318"/>
</kw>
<kw name="Page Should Contain Element" library="RPA.Browser.Selenium">
<arg>order-another</arg>
<doc>Verifies that element ``locator`` is found on the current page.</doc>
<msg timestamp="20230814 20:25:53.322" level="INFO">No keyword will be run on failure.</msg>
<msg timestamp="20230814 20:25:53.322" level="INFO">No keyword will be run on failure.</msg>
<msg timestamp="20230814 20:25:53.322" level="INFO">No keyword will be run on failure.</msg>
<msg timestamp="20230814 20:25:53.332" level="INFO">Current page contains element 'order-another'.</msg>
<status status="PASS" starttime="20230814 20:25:53.321" endtime="20230814 20:25:53.332"/>
</kw>
<status status="PASS" starttime="20230814 20:25:53.216" endtime="20230814 20:25:53.334"/>
</kw>
<status status="PASS" starttime="20230814 20:25:53.214" endtime="20230814 20:25:53.335"/>
</kw>
<kw name="Take a screenshot of the robot image">
<var>${screenshot}</var>
<arg>${row}[Order number]</arg>
<kw name="Set Local Variable" library="BuiltIn">
<arg>${file_path}</arg>
<arg>${screenshot_dir}${/}robot_preview_image_${order_number}.png</arg>
<doc>Makes a variable available everywhere within the local scope.</doc>
<msg timestamp="20230814 20:25:53.343" level="INFO">${file_path} = f:\Robocorp Certification Level II\output\screenshots\robot_preview_image_3.png</msg>
<status status="PASS" starttime="20230814 20:25:53.339" endtime="20230814 20:25:53.344"/>
</kw>
<kw name="Sleep" library="BuiltIn">
<arg>1sec</arg>
<doc>Pauses the test executed for the given time.</doc>
<msg timestamp="20230814 20:25:54.356" level="INFO">Slept 1 second</msg>
<status status="PASS" starttime="20230814 20:25:53.345" endtime="20230814 20:25:54.358"/>
</kw>
<kw name="Capture Element Screenshot" library="RPA.Browser.Selenium">
<arg>robot-preview-image</arg>
<arg>${file_path}</arg>
<doc>Captures a screenshot from the element identified by ``locator`` and embeds it into log file.</doc>
<msg timestamp="20230814 20:25:54.557" level="INFO" html="true">&lt;/td&gt;&lt;/tr&gt;&lt;tr&gt;&lt;td colspan="3"&gt;&lt;a href="file:///F:/Robocorp%20Certification%20Level%20II/output/screenshots/robot_preview_image_3.png"&gt;&lt;img src="file:///F:/Robocorp%20Certification%20Level%20II/output/screenshots/robot_preview_image_3.png" width="400px"&gt;&lt;/a&gt;</msg>
<status status="PASS" starttime="20230814 20:25:54.363" endtime="20230814 20:25:54.558"/>
</kw>
<msg timestamp="20230814 20:25:54.560" level="INFO">${screenshot} = f:\Robocorp Certification Level II\output\screenshots\robot_preview_image_3.png</msg>
<status status="PASS" starttime="20230814 20:25:53.336" endtime="20230814 20:25:54.560"/>
</kw>
<kw name="Store the order receipt as a PDF file">
<var>${pdf_filename}</var>
<arg>${row}[Order number]</arg>
<kw name="Get Element Attribute" library="RPA.Browser.Selenium">
<var>${receipt_html}</var>
<arg>receipt</arg>
<arg>outerHTML</arg>
<doc>Returns the value of ``attribute`` from the element ``locator``.</doc>
<msg timestamp="20230814 20:25:54.634" level="INFO">${receipt_html} = &lt;div id="receipt" class="alert alert-success" role="alert"&gt;&lt;h3&gt;Receipt&lt;/h3&gt;&lt;div&gt;2023-08-14T14:55:53.296Z&lt;/div&gt;&lt;p class="badge badge-success"&gt;RSB-ROBO-ORDER-3GFFKGAIXT&lt;/p&gt;&lt;p&gt;Address 789&lt;/p&gt;&lt;div id="par...</msg>
<status status="PASS" starttime="20230814 20:25:54.564" endtime="20230814 20:25:54.634"/>
</kw>
<kw name="Set Local Variable" library="BuiltIn">
<arg>${pdf_file_path}</arg>
<arg>${receipt_dir}${/}receipt_${order_number}.pdf</arg>
<doc>Makes a variable available everywhere within the local scope.</doc>
<msg timestamp="20230814 20:25:54.648" level="INFO">${pdf_file_path} = f:\Robocorp Certification Level II\output\receipts\receipt_3.pdf</msg>
<status status="PASS" starttime="20230814 20:25:54.637" endtime="20230814 20:25:54.648"/>
</kw>
<kw name="Html To Pdf" library="RPA.PDF">
<arg>${receipt_html}</arg>
<arg>${pdf_file_path}</arg>
<doc>Generate a PDF file from HTML content.</doc>
<msg timestamp="20230814 20:25:54.653" level="INFO">Writing output to file F:\Robocorp Certification Level II\output\receipts\receipt_3.pdf</msg>
<msg timestamp="20230814 20:25:55.030" level="INFO">maxp pruned</msg>
<msg timestamp="20230814 20:25:55.031" level="INFO">cmap pruned</msg>
<msg timestamp="20230814 20:25:55.032" level="INFO">post pruned</msg>
<msg timestamp="20230814 20:25:55.032" level="INFO">GDEF dropped</msg>
<msg timestamp="20230814 20:25:55.032" level="INFO">GPOS dropped</msg>
<msg timestamp="20230814 20:25:55.034" level="INFO">GSUB dropped</msg>
<msg timestamp="20230814 20:25:55.038" level="INFO">name pruned</msg>
<msg timestamp="20230814 20:25:55.049" level="INFO">glyf pruned</msg>
<msg timestamp="20230814 20:25:55.049" level="INFO">Added gid0 to subset</msg>
<msg timestamp="20230814 20:25:55.051" level="INFO">Added first four glyphs to subset</msg>
<msg timestamp="20230814 20:25:55.051" level="INFO">Closing glyph list over 'glyf': 60 glyphs before</msg>
<msg timestamp="20230814 20:25:55.052" level="INFO">Glyph names: ['.notdef', '.null', 'uni0020', 'uni0021', 'uni002D', 'uni002E', 'uni0030', 'uni0031', 'uni0032', 'uni0033', 'uni0034', 'uni0035', 'uni0036', 'uni0037', 'uni0038', 'uni0039', 'uni003A', 'uni0041', 'uni0042', 'uni0044', 'uni0045', 'uni0046', 'uni0047', 'uni0048', 'uni0049', 'uni004B', 'uni004C', 'uni004F', 'uni0052', 'uni0053', 'uni0054', 'uni0057', 'uni0058', 'uni0059', 'uni005A', 'uni0061', 'uni0062', 'uni0063', 'uni0064', 'uni0065', 'uni0066', 'uni0067', 'uni0068', 'uni0069', 'uni006B', 'uni006C', 'uni006D', 'uni006E', 'uni006F', 'uni0070', 'uni0072', 'uni0073', 'uni0074', 'uni0075', 'uni0076', 'uni0077', 'uni0079', 'uni007B', 'uni007D', 'uni00C4']</msg>
<msg timestamp="20230814 20:25:55.054" level="INFO">Glyph IDs:   [0, 1, 2, 3, 65, 84, 95, 137, 141, 161, 197, 270, 280, 320, 382, 395, 409, 456, 463, 469, 493, 504, 575, 582, 594, 612, 645, 650, 660, 679, 715, 723, 752, 759, 775, 827, 837, 867, 884, 899, 932, 936, 950, 1294, 1295, 1296, 1298, 1299, 1300, 1302, 1303, 1304, 1305, 1329, 1345, 1346, 1361, 1404, 1407, 1681]</msg>
<msg timestamp="20230814 20:25:55.055" level="INFO">Closed glyph list over 'glyf': 60 glyphs after</msg>
<msg timestamp="20230814 20:25:55.055" level="INFO">Glyph names: ['.notdef', '.null', 'uni0020', 'uni0021', 'uni002D', 'uni002E', 'uni0030', 'uni0031', 'uni0032', 'uni0033', 'uni0034', 'uni0035', 'uni0036', 'uni0037', 'uni0038', 'uni0039', 'uni003A', 'uni0041', 'uni0042', 'uni0044', 'uni0045', 'uni0046', 'uni0047', 'uni0048', 'uni0049', 'uni004B', 'uni004C', 'uni004F', 'uni0052', 'uni0053', 'uni0054', 'uni0057', 'uni0058', 'uni0059', 'uni005A', 'uni0061', 'uni0062', 'uni0063', 'uni0064', 'uni0065', 'uni0066', 'uni0067', 'uni0068', 'uni0069', 'uni006B', 'uni006C', 'uni006D', 'uni006E', 'uni006F', 'uni0070', 'uni0072', 'uni0073', 'uni0074', 'uni0075', 'uni0076', 'uni0077', 'uni0079', 'uni007B', 'uni007D', 'uni00C4']</msg>
<msg timestamp="20230814 20:25:55.057" level="INFO">Glyph IDs:   [0, 1, 2, 3, 65, 84, 95, 137, 141, 161, 197, 270, 280, 320, 382, 395, 409, 456, 463, 469, 493, 504, 575, 582, 594, 612, 645, 650, 660, 679, 715, 723, 752, 759, 775, 827, 837, 867, 884, 899, 932, 936, 950, 1294, 1295, 1296, 1298, 1299, 1300, 1302, 1303, 1304, 1305, 1329, 1345, 1346, 1361, 1404, 1407, 1681]</msg>
<msg timestamp="20230814 20:25:55.057" level="INFO">Retaining 60 glyphs</msg>
<msg timestamp="20230814 20:25:55.059" level="INFO">head subsetting not needed</msg>
<msg timestamp="20230814 20:25:55.059" level="INFO">hhea subsetting not needed</msg>
<msg timestamp="20230814 20:25:55.059" level="INFO">maxp subsetting not needed</msg>
<msg timestamp="20230814 20:25:55.060" level="INFO">OS/2 subsetting not needed</msg>
<msg timestamp="20230814 20:25:55.063" level="INFO">hmtx subsetted</msg>
<msg timestamp="20230814 20:25:55.066" level="INFO">cmap subsetted</msg>
<msg timestamp="20230814 20:25:55.066" level="INFO">prep subsetting not needed</msg>
<msg timestamp="20230814 20:25:55.066" level="INFO">loca subsetting not needed</msg>
<msg timestamp="20230814 20:25:55.067" level="INFO">post subsetted</msg>
<msg timestamp="20230814 20:25:55.067" level="INFO">gasp subsetting not needed</msg>
<msg timestamp="20230814 20:25:55.069" level="INFO">STAT subsetting not needed</msg>
<msg timestamp="20230814 20:25:55.069" level="INFO">name subsetting not needed</msg>
<msg timestamp="20230814 20:25:55.071" level="INFO">glyf subsetted</msg>
<msg timestamp="20230814 20:25:55.072" level="INFO">head pruned</msg>
<msg timestamp="20230814 20:25:55.074" level="INFO">OS/2 Unicode ranges pruned: [0]</msg>
<msg timestamp="20230814 20:25:55.077" level="INFO">glyf pruned</msg>
<msg timestamp="20230814 20:25:55.149" level="INFO">maxp pruned</msg>
<msg timestamp="20230814 20:25:55.152" level="INFO">cmap pruned</msg>
<msg timestamp="20230814 20:25:55.153" level="INFO">post pruned</msg>
<msg timestamp="20230814 20:25:55.153" level="INFO">GDEF dropped</msg>
<msg timestamp="20230814 20:25:55.153" level="INFO">GPOS dropped</msg>
<msg timestamp="20230814 20:25:55.154" level="INFO">GSUB dropped</msg>
<msg timestamp="20230814 20:25:55.156" level="INFO">name pruned</msg>
<msg timestamp="20230814 20:25:55.165" level="INFO">glyf pruned</msg>
<msg timestamp="20230814 20:25:55.165" level="INFO">Added gid0 to subset</msg>
<msg timestamp="20230814 20:25:55.167" level="INFO">Added first four glyphs to subset</msg>
<msg timestamp="20230814 20:25:55.168" level="INFO">Closing glyph list over 'glyf': 19 glyphs before</msg>
<msg timestamp="20230814 20:25:55.168" level="INFO">Glyph names: ['.notdef', '.null', 'uni0020', 'uni0030', 'uni0031', 'uni0032', 'uni0033', 'uni0034', 'uni0035', 'uni0036', 'uni0037', 'uni0038', 'uni0039', 'uni0041', 'uni0062', 'uni006E', 'uni007B', 'uni007D', 'uni00C4']</msg>
<msg timestamp="20230814 20:25:55.170" level="INFO">Glyph IDs:   [0, 1, 2, 3, 575, 759, 1294, 1295, 1296, 1298, 1299, 1300, 1302, 1303, 1304, 1305, 1345, 1346, 1681]</msg>
<msg timestamp="20230814 20:25:55.171" level="INFO">Closed glyph list over 'glyf': 19 glyphs after</msg>
<msg timestamp="20230814 20:25:55.172" level="INFO">Glyph names: ['.notdef', '.null', 'uni0020', 'uni0030', 'uni0031', 'uni0032', 'uni0033', 'uni0034', 'uni0035', 'uni0036', 'uni0037', 'uni0038', 'uni0039', 'uni0041', 'uni0062', 'uni006E', 'uni007B', 'uni007D', 'uni00C4']</msg>
<msg timestamp="20230814 20:25:55.173" level="INFO">Glyph IDs:   [0, 1, 2, 3, 575, 759, 1294, 1295, 1296, 1298, 1299, 1300, 1302, 1303, 1304, 1305, 1345, 1346, 1681]</msg>
<msg timestamp="20230814 20:25:55.174" level="INFO">Retaining 19 glyphs</msg>
<msg timestamp="20230814 20:25:55.175" level="INFO">head subsetting not needed</msg>
<msg timestamp="20230814 20:25:55.176" level="INFO">hhea subsetting not needed</msg>
<msg timestamp="20230814 20:25:55.177" level="INFO">maxp subsetting not needed</msg>
<msg timestamp="20230814 20:25:55.177" level="INFO">OS/2 subsetting not needed</msg>
<msg timestamp="20230814 20:25:55.180" level="INFO">hmtx subsetted</msg>
<msg timestamp="20230814 20:25:55.182" level="INFO">cmap subsetted</msg>
<msg timestamp="20230814 20:25:55.184" level="INFO">prep subsetting not needed</msg>
<msg timestamp="20230814 20:25:55.185" level="INFO">loca subsetting not needed</msg>
<msg timestamp="20230814 20:25:55.185" level="INFO">post subsetted</msg>
<msg timestamp="20230814 20:25:55.186" level="INFO">gasp subsetting not needed</msg>
<msg timestamp="20230814 20:25:55.186" level="INFO">STAT subsetting not needed</msg>
<msg timestamp="20230814 20:25:55.187" level="INFO">name subsetting not needed</msg>
<msg timestamp="20230814 20:25:55.188" level="INFO">glyf subsetted</msg>
<msg timestamp="20230814 20:25:55.190" level="INFO">head pruned</msg>
<msg timestamp="20230814 20:25:55.191" level="INFO">OS/2 Unicode ranges pruned: [0]</msg>
<msg timestamp="20230814 20:25:55.192" level="INFO">glyf pruned</msg>
<msg timestamp="20230814 20:25:55.239" level="INFO">maxp pruned</msg>
<msg timestamp="20230814 20:25:55.239" level="INFO">cmap pruned</msg>
<msg timestamp="20230814 20:25:55.240" level="INFO">post pruned</msg>
<msg timestamp="20230814 20:25:55.240" level="INFO">GDEF dropped</msg>
[...]
<msg timestamp="20230814 20:27:17.447" level="INFO">Added gid0 to subset</msg>
<msg timestamp="20230814 20:27:17.447" level="INFO">Added first four glyphs to subset</msg>
<msg timestamp="20230814 20:27:17.448" level="INFO">Closing glyph list over 'glyf': 18 glyphs before</msg>
<msg timestamp="20230814 20:27:17.448" level="INFO">Glyph names: ['.notdef', '.null', 'uni0020', 'uni0030', 'uni0031', 'uni0032', 'uni0033', 'uni0034', 'uni0035', 'uni0036', 'uni0037', 'uni0038', 'uni0039', 'uni0062', 'uni006E', 'uni007B', 'uni007D', 'uni00A0']</msg>
<msg timestamp="20230814 20:27:17.449" level="INFO">Glyph IDs:   [0, 1, 2, 3, 544, 727, 1256, 1257, 1258, 1260, 1261, 1262, 1264, 1265, 1266, 1267, 1307, 1308]</msg>
<msg timestamp="20230814 20:27:17.450" level="INFO">Closed glyph list over 'glyf': 18 glyphs after</msg>
<msg timestamp="20230814 20:27:17.451" level="INFO">Glyph names: ['.notdef', '.null', 'uni0020', 'uni0030', 'uni0031', 'uni0032', 'uni0033', 'uni0034', 'uni0035', 'uni0036', 'uni0037', 'uni0038', 'uni0039', 'uni0062', 'uni006E', 'uni007B', 'uni007D', 'uni00A0']</msg>
<msg timestamp="20230814 20:27:17.452" level="INFO">Glyph IDs:   [0, 1, 2, 3, 544, 727, 1256, 1257, 1258, 1260, 1261, 1262, 1264, 1265, 1266, 1267, 1307, 1308]</msg>
<msg timestamp="20230814 20:27:17.453" level="INFO">Retaining 18 glyphs</msg>
<msg timestamp="20230814 20:27:17.454" level="INFO">head subsetting not needed</msg>
<msg timestamp="20230814 20:27:17.455" level="INFO">hhea subsetting not needed</msg>
<msg timestamp="20230814 20:27:17.455" level="INFO">maxp subsetting not needed</msg>
<msg timestamp="20230814 20:27:17.456" level="INFO">OS/2 subsetting not needed</msg>
<msg timestamp="20230814 20:27:17.458" level="INFO">hmtx subsetted</msg>
<msg timestamp="20230814 20:27:17.460" level="INFO">cmap subsetted</msg>
<msg timestamp="20230814 20:27:17.460" level="INFO">loca subsetting not needed</msg>
<msg timestamp="20230814 20:27:17.461" level="INFO">post subsetted</msg>
<msg timestamp="20230814 20:27:17.462" level="INFO">name subsetting not needed</msg>
<msg timestamp="20230814 20:27:17.463" level="INFO">glyf subsetted</msg>
<msg timestamp="20230814 20:27:17.464" level="INFO">head pruned</msg>
<msg timestamp="20230814 20:27:17.465" level="INFO">OS/2 Unicode ranges pruned: [0]</msg>
<msg timestamp="20230814 20:27:17.466" level="INFO">glyf pruned</msg>
<status status="PASS" starttime="20230814 20:27:16.799" endtime="20230814 20:27:17.498"/>
</kw>
<msg timestamp="20230814 20:27:17.500" level="INFO">${pdf_filename} = f:\Robocorp Certification Level II\output\receipts\receipt_20.pdf</msg>
<status status="PASS" starttime="20230814 20:27:16.763" endtime="20230814 20:27:17.500"/>
</kw>
<kw name="Embed the robot screenshot to the receipt PDF file">
<arg>IMG_FILE=${screenshot}</arg>
<arg>PDF_FILE=${pdf_filename}</arg>
<kw name="Open Pdf" library="RPA.PDF">
<arg>${PDF_FILE}</arg>
<doc>Open a PDF document for reading.</doc>
<status status="PASS" starttime="20230814 20:27:17.505" endtime="20230814 20:27:17.517"/>
</kw>
<kw name="Create List" library="BuiltIn">
<var>@{myfiles}</var>
<arg>${IMG_FILE}:align=center</arg>
<doc>Returns a list containing given items.</doc>
<msg timestamp="20230814 20:27:17.522" level="INFO">@{myfiles} = [ f:\Robocorp Certification Level II\output\screenshots\robot_preview_image_20.png:align=center ]</msg>
<status status="PASS" starttime="20230814 20:27:17.518" endtime="20230814 20:27:17.523"/>
</kw>
<kw name="Add Files To Pdf" library="RPA.PDF">
<arg>${myfiles}</arg>
<arg>${PDF_FILE}</arg>
<arg>append=True</arg>
<doc>Add images and/or pdfs to new PDF document.</doc>
<msg timestamp="20230814 20:27:17.528" level="INFO">Adding page: 0</msg>
<msg timestamp="20230814 20:27:17.538" level="WARN">Object 7 0 found</msg>
<msg timestamp="20230814 20:27:17.542" level="WARN">Overwriting cache for 0 7</msg>
<msg timestamp="20230814 20:27:17.566" level="WARN">Object 14 0 found</msg>
<msg timestamp="20230814 20:27:17.570" level="WARN">Overwriting cache for 0 14</msg>
<msg timestamp="20230814 20:27:17.575" level="WARN">Object 21 0 found</msg>
<msg timestamp="20230814 20:27:17.580" level="WARN">Overwriting cache for 0 21</msg>
<msg timestamp="20230814 20:27:17.587" level="WARN">Object 28 0 found</msg>
<msg timestamp="20230814 20:27:17.590" level="WARN">Overwriting cache for 0 28</msg>
<msg timestamp="20230814 20:27:17.598" level="INFO">File f:\Robocorp Certification Level II\output\screenshots\robot_preview_image_20.png type: png</msg>
<msg timestamp="20230814 20:27:17.599" level="INFO">Image parameters: {'align': 'center'}</msg>
<status status="PASS" starttime="20230814 20:27:17.524" endtime="20230814 20:27:18.452"/>
</kw>
<status status="PASS" starttime="20230814 20:27:17.500" endtime="20230814 20:27:18.454"/>
</kw>
<kw name="Go to order another robot">
<kw name="Click Button" library="RPA.Browser.Selenium">
<arg>order-another</arg>
<doc>Clicks the button identified by ``locator``.</doc>
<msg timestamp="20230814 20:27:18.459" level="INFO">Clicking button 'order-another'.</msg>
<status status="PASS" starttime="20230814 20:27:18.457" endtime="20230814 20:27:18.638"/>
</kw>
<status status="PASS" starttime="20230814 20:27:18.455" endtime="20230814 20:27:18.641"/>
</kw>
<status status="PASS" starttime="20230814 20:27:14.719" endtime="20230814 20:27:18.641"/>
</iter>
<status status="PASS" starttime="20230814 20:23:13.663" endtime="20230814 20:27:18.642"/>
</for>
<kw name="Create a ZIP file of receipt PDF files">
<kw name="Archive Folder With Zip" library="RPA.Archive">
<arg>${receipt_dir}</arg>
<arg>${out_dir}${/}all_receipts.zip</arg>
<doc>Create a zip archive of a folder</doc>
<status status="PASS" starttime="20230814 20:28:40.691" endtime="20230814 20:28:44.076"/>
</kw>
<status status="PASS" starttime="20230814 20:27:18.643" endtime="20230814 20:28:44.077"/>
</kw>
<kw name="Log Out And Close Browser">
<kw name="Close Browser" library="RPA.Browser.Selenium">
<doc>Closes the current browser.</doc>
<status status="PASS" starttime="20230814 20:30:11.238" endtime="20230814 20:30:14.714"/>
</kw>
<status status="PASS" starttime="20230814 20:28:44.079" endtime="20230814 20:30:14.721"/>
</kw>
<status status="PASS" starttime="20230814 20:23:09.478" endtime="20230814 20:30:14.728"/>
</test>
<doc>Orders robots from RobotSpareBin Industries Inc.
Saves the order HTML receipt as a PDF file.
Saves the screenshot of the ordered robot.
Embeds the screenshot of the robot to the PDF receipt.
Creates ZIP archive of the receipts and the images.</doc>
<status status="PASS" starttime="20230814 20:23:04.784" endtime="20230814 20:30:14.741"/>
</suite>
<statistics>
<total>
<stat pass="1" fail="0" skip="0">All Tasks</stat>
</total>
<tag>
</tag>
<suite>
<stat pass="1" fail="0" skip="0" id="s1" name="Tasks">Tasks</stat>
</suite>
</statistics>
<errors>
<msg timestamp="20230814 20:24:54.825" level="WARN">Object 7 0 found</msg>
<msg timestamp="20230814 20:24:54.828" level="WARN">Overwriting cache for 0 7</msg>
<msg timestamp="20230814 20:24:54.837" level="WARN">Object 14 0 found</msg>
<msg timestamp="20230814 20:24:54.840" level="WARN">Overwriting cache for 0 14</msg>
<msg timestamp="20230814 20:24:54.848" level="WARN">Object 21 0 found</msg>
<msg timestamp="20230814 20:24:54.854" level="WARN">Overwriting cache for 0 21</msg>
<msg timestamp="20230814 20:24:54.863" level="WARN">Object 28 0 found</msg>
<msg timestamp="20230814 20:24:54.866" level="WARN">Overwriting cache for 0 28</msg>
<msg timestamp="20230814 20:25:51.188" level="WARN">Object 7 0 found</msg>
<msg timestamp="20230814 20:25:51.191" level="WARN">Overwriting cache for 0 7</msg>
<msg timestamp="20230814 20:25:51.199" level="WARN">Object 14 0 found</msg>
<msg timestamp="20230814 20:25:51.203" level="WARN">Overwriting cache for 0 14</msg>
<msg timestamp="20230814 20:25:51.214" level="WARN">Object 21 0 found</msg>
<msg timestamp="20230814 20:25:51.263" level="WARN">Overwriting cache for 0 21</msg>
<msg timestamp="20230814 20:25:51.271" level="WARN">Object 28 0 found</msg>
<msg timestamp="20230814 20:25:51.273" level="WARN">Overwriting cache for 0 28</msg>
<msg timestamp="20230814 20:25:55.508" level="WARN">Object 7 0 found</msg>
<msg timestamp="20230814 20:25:55.511" level="WARN">Overwriting cache for 0 7</msg>
<msg timestamp="20230814 20:25:55.521" level="WARN">Object 14 0 found</msg>
<msg timestamp="20230814 20:25:55.523" level="WARN">Overwriting cache for 0 14</msg>
<msg timestamp="20230814 20:25:55.530" level="WARN">Object 21 0 found</msg>
<msg timestamp="20230814 20:25:55.533" level="WARN">Overwriting cache for 0 21</msg>
<msg timestamp="20230814 20:25:55.543" level="WARN">Object 28 0 found</msg>
<msg timestamp="20230814 20:25:55.546" level="WARN">Overwriting cache for 0 28</msg>
<msg timestamp="20230814 20:26:04.383" level="WARN">Object 7 0 found</msg>
<msg timestamp="20230814 20:26:04.386" level="WARN">Overwriting cache for 0 7</msg>
<msg timestamp="20230814 20:26:04.398" level="WARN">Object 14 0 found</msg>
<msg timestamp="20230814 20:26:04.402" level="WARN">Overwriting cache for 0 14</msg>
<msg timestamp="20230814 20:26:04.412" level="WARN">Object 21 0 found</msg>
<msg timestamp="20230814 20:26:04.457" level="WARN">Overwriting cache for 0 21</msg>
<msg timestamp="20230814 20:26:04.469" level="WARN">Object 28 0 found</msg>
<msg timestamp="20230814 20:26:04.472" level="WARN">Overwriting cache for 0 28</msg>
<msg timestamp="20230814 20:26:08.707" level="WARN">Object 7 0 found</msg>
<msg timestamp="20230814 20:26:08.710" level="WARN">Overwriting cache for 0 7</msg>
<msg timestamp="20230814 20:26:08.730" level="WARN">Object 14 0 found</msg>
<msg timestamp="20230814 20:26:08.736" level="WARN">Overwriting cache for 0 14</msg>
<msg timestamp="20230814 20:26:08.747" level="WARN">Object 21 0 found</msg>
<msg timestamp="20230814 20:26:08.754" level="WARN">Overwriting cache for 0 21</msg>
<msg timestamp="20230814 20:26:08.764" level="WARN">Object 28 0 found</msg>
<msg timestamp="20230814 20:26:08.769" level="WARN">Overwriting cache for 0 28</msg>
<msg timestamp="20230814 20:26:13.022" level="WARN">Object 7 0 found</msg>
<msg timestamp="20230814 20:26:13.028" level="WARN">Overwriting cache for 0 7</msg>
<msg timestamp="20230814 20:26:13.041" level="WARN">Object 14 0 found</msg>
<msg timestamp="20230814 20:26:13.045" level="WARN">Overwriting cache for 0 14</msg>
<msg timestamp="20230814 20:26:13.054" level="WARN">Object 21 0 found</msg>
<msg timestamp="20230814 20:26:13.056" level="WARN">Overwriting cache for 0 21</msg>
<msg timestamp="20230814 20:26:13.065" level="WARN">Object 28 0 found</msg>
<msg timestamp="20230814 20:26:13.068" level="WARN">Overwriting cache for 0 28</msg>
<msg timestamp="20230814 20:26:17.145" level="WARN">Object 7 0 found</msg>
<msg timestamp="20230814 20:26:17.147" level="WARN">Overwriting cache for 0 7</msg>
<msg timestamp="20230814 20:26:17.156" level="WARN">Object 14 0 found</msg>
<msg timestamp="20230814 20:26:17.158" level="WARN">Overwriting cache for 0 14</msg>
<msg timestamp="20230814 20:26:17.166" level="WARN">Object 21 0 found</msg>
<msg timestamp="20230814 20:26:17.168" level="WARN">Overwriting cache for 0 21</msg>
<msg timestamp="20230814 20:26:17.180" level="WARN">Object 28 0 found</msg>
<msg timestamp="20230814 20:26:17.184" level="WARN">Overwriting cache for 0 28</msg>
<msg timestamp="20230814 20:26:21.604" level="WARN">Object 7 0 found</msg>
<msg timestamp="20230814 20:26:21.609" level="WARN">Overwriting cache for 0 7</msg>
<msg timestamp="20230814 20:26:21.619" level="WARN">Object 14 0 found</msg>
<msg timestamp="20230814 20:26:21.623" level="WARN">Overwriting cache for 0 14</msg>
<msg timestamp="20230814 20:26:21.648" level="WARN">Object 21 0 found</msg>
<msg timestamp="20230814 20:26:21.660" level="WARN">Overwriting cache for 0 21</msg>
<msg timestamp="20230814 20:26:21.678" level="WARN">Object 28 0 found</msg>
<msg timestamp="20230814 20:26:21.686" level="WARN">Overwriting cache for 0 28</msg>
<msg timestamp="20230814 20:26:26.174" level="WARN">Object 7 0 found</msg>
<msg timestamp="20230814 20:26:26.178" level="WARN">Overwriting cache for 0 7</msg>
<msg timestamp="20230814 20:26:26.208" level="WARN">Object 14 0 found</msg>
<msg timestamp="20230814 20:26:26.212" level="WARN">Overwriting cache for 0 14</msg>
<msg timestamp="20230814 20:26:26.220" level="WARN">Object 21 0 found</msg>
<msg timestamp="20230814 20:26:26.223" level="WARN">Overwriting cache for 0 21</msg>
<msg timestamp="20230814 20:26:26.230" level="WARN">Object 28 0 found</msg>
<msg timestamp="20230814 20:26:26.233" level="WARN">Overwriting cache for 0 28</msg>
<msg timestamp="20230814 20:26:30.597" level="WARN">Object 7 0 found</msg>
<msg timestamp="20230814 20:26:30.598" level="WARN">Overwriting cache for 0 7</msg>
<msg timestamp="20230814 20:26:30.607" level="WARN">Object 14 0 found</msg>
<msg timestamp="20230814 20:26:30.609" level="WARN">Overwriting cache for 0 14</msg>
<msg timestamp="20230814 20:26:30.620" level="WARN">Object 21 0 found</msg>
<msg timestamp="20230814 20:26:30.630" level="WARN">Overwriting cache for 0 21</msg>
<msg timestamp="20230814 20:26:30.669" level="WARN">Object 28 0 found</msg>
<msg timestamp="20230814 20:26:30.672" level="WARN">Overwriting cache for 0 28</msg>
<msg timestamp="20230814 20:26:34.535" level="WARN">Object 7 0 found</msg>
<msg timestamp="20230814 20:26:34.539" level="WARN">Overwriting cache for 0 7</msg>
<msg timestamp="20230814 20:26:34.545" level="WARN">Object 14 0 found</msg>
<msg timestamp="20230814 20:26:34.547" level="WARN">Overwriting cache for 0 14</msg>
<msg timestamp="20230814 20:26:34.553" level="WARN">Object 21 0 found</msg>
<msg timestamp="20230814 20:26:34.556" level="WARN">Overwriting cache for 0 21</msg>
<msg timestamp="20230814 20:26:34.563" level="WARN">Object 28 0 found</msg>
<msg timestamp="20230814 20:26:34.565" level="WARN">Overwriting cache for 0 28</msg>
<msg timestamp="20230814 20:26:38.313" level="WARN">Object 7 0 found</msg>
<msg timestamp="20230814 20:26:38.352" level="WARN">Overwriting cache for 0 7</msg>
<msg timestamp="20230814 20:26:38.361" level="WARN">Object 14 0 found</msg>
<msg timestamp="20230814 20:26:38.364" level="WARN">Overwriting cache for 0 14</msg>
<msg timestamp="20230814 20:26:38.371" level="WARN">Object 21 0 found</msg>
<msg timestamp="20230814 20:26:38.375" level="WARN">Overwriting cache for 0 21</msg>
<msg timestamp="20230814 20:26:38.383" level="WARN">Object 28 0 found</msg>
<msg timestamp="20230814 20:26:38.387" level="WARN">Overwriting cache for 0 28</msg>
<msg timestamp="20230814 20:26:44.700" level="WARN">Object 7 0 found</msg>
<msg timestamp="20230814 20:26:44.702" level="WARN">Overwriting cache for 0 7</msg>
<msg timestamp="20230814 20:26:44.708" level="WARN">Object 14 0 found</msg>
<msg timestamp="20230814 20:26:44.710" level="WARN">Overwriting cache for 0 14</msg>
<msg timestamp="20230814 20:26:44.717" level="WARN">Object 21 0 found</msg>
<msg timestamp="20230814 20:26:44.719" level="WARN">Overwriting cache for 0 21</msg>
<msg timestamp="20230814 20:26:44.727" level="WARN">Object 28 0 found</msg>
<msg timestamp="20230814 20:26:44.766" level="WARN">Overwriting cache for 0 28</msg>
<msg timestamp="20230814 20:26:50.809" level="WARN">Object 7 0 found</msg>
<msg timestamp="20230814 20:26:50.812" level="WARN">Overwriting cache for 0 7</msg>
<msg timestamp="20230814 20:26:50.856" level="WARN">Object 14 0 found</msg>
<msg timestamp="20230814 20:26:50.858" level="WARN">Overwriting cache for 0 14</msg>
<msg timestamp="20230814 20:26:50.864" level="WARN">Object 21 0 found</msg>
<msg timestamp="20230814 20:26:50.871" level="WARN">Overwriting cache for 0 21</msg>
<msg timestamp="20230814 20:26:50.881" level="WARN">Object 28 0 found</msg>
<msg timestamp="20230814 20:26:50.883" level="WARN">Overwriting cache for 0 28</msg>
<msg timestamp="20230814 20:26:54.946" level="WARN">Object 7 0 found</msg>
<msg timestamp="20230814 20:26:54.948" level="WARN">Overwriting cache for 0 7</msg>
<msg timestamp="20230814 20:26:54.953" level="WARN">Object 14 0 found</msg>
<msg timestamp="20230814 20:26:54.955" level="WARN">Overwriting cache for 0 14</msg>
<msg timestamp="20230814 20:26:54.964" level="WARN">Object 21 0 found</msg>
<msg timestamp="20230814 20:26:54.967" level="WARN">Overwriting cache for 0 21</msg>
<msg timestamp="20230814 20:26:54.977" level="WARN">Object 28 0 found</msg>
<msg timestamp="20230814 20:26:54.979" level="WARN">Overwriting cache for 0 28</msg>
<msg timestamp="20230814 20:26:59.220" level="WARN">Object 7 0 found</msg>
<msg timestamp="20230814 20:26:59.250" level="WARN">Overwriting cache for 0 7</msg>
<msg timestamp="20230814 20:26:59.255" level="WARN">Object 14 0 found</msg>
<msg timestamp="20230814 20:26:59.257" level="WARN">Overwriting cache for 0 14</msg>
<msg timestamp="20230814 20:26:59.268" level="WARN">Object 21 0 found</msg>
<msg timestamp="20230814 20:26:59.272" level="WARN">Overwriting cache for 0 21</msg>
<msg timestamp="20230814 20:26:59.279" level="WARN">Object 28 0 found</msg>
<msg timestamp="20230814 20:26:59.281" level="WARN">Overwriting cache for 0 28</msg>
<msg timestamp="20230814 20:27:03.450" level="WARN">Object 7 0 found</msg>
<msg timestamp="20230814 20:27:03.453" level="WARN">Overwriting cache for 0 7</msg>
<msg timestamp="20230814 20:27:03.460" level="WARN">Object 14 0 found</msg>
<msg timestamp="20230814 20:27:03.462" level="WARN">Overwriting cache for 0 14</msg>
<msg timestamp="20230814 20:27:03.471" level="WARN">Object 21 0 found</msg>
<msg timestamp="20230814 20:27:03.473" level="WARN">Overwriting cache for 0 21</msg>
<msg timestamp="20230814 20:27:03.480" level="WARN">Object 28 0 found</msg>
<msg timestamp="20230814 20:27:03.481" level="WARN">Overwriting cache for 0 28</msg>
<msg timestamp="20230814 20:27:07.376" level="WARN">Object 7 0 found</msg>
<msg timestamp="20230814 20:27:07.378" level="WARN">Overwriting cache for 0 7</msg>
<msg timestamp="20230814 20:27:07.385" level="WARN">Object 14 0 found</msg>
<msg timestamp="20230814 20:27:07.387" level="WARN">Overwriting cache for 0 14</msg>
<msg timestamp="20230814 20:27:07.393" level="WARN">Object 21 0 found</msg>
<msg timestamp="20230814 20:27:07.394" level="WARN">Overwriting cache for 0 21</msg>
<msg timestamp="20230814 20:27:07.408" level="WARN">Object 28 0 found</msg>
<msg timestamp="20230814 20:27:07.411" level="WARN">Overwriting cache for 0 28</msg>
<msg timestamp="20230814 20:27:13.543" level="WARN">Object 7 0 found</msg>
<msg timestamp="20230814 20:27:13.546" level="WARN">Overwriting cache for 0 7</msg>
<msg timestamp="20230814 20:27:13.556" level="WARN">Object 14 0 found</msg>
<msg timestamp="20230814 20:27:13.575" level="WARN">Overwriting cache for 0 14</msg>
<msg timestamp="20230814 20:27:13.587" level="WARN">Object 21 0 found</msg>
<msg timestamp="20230814 20:27:13.589" level="WARN">Overwriting cache for 0 21</msg>
<msg timestamp="20230814 20:27:13.600" level="WARN">Object 28 0 found</msg>
<msg timestamp="20230814 20:27:13.603" level="WARN">Overwriting cache for 0 28</msg>
<msg timestamp="20230814 20:27:17.538" level="WARN">Object 7 0 found</msg>
<msg timestamp="20230814 20:27:17.542" level="WARN">Overwriting cache for 0 7</msg>
<msg timestamp="20230814 20:27:17.566" level="WARN">Object 14 0 found</msg>
<msg timestamp="20230814 20:27:17.570" level="WARN">Overwriting cache for 0 14</msg>
<msg timestamp="20230814 20:27:17.575" level="WARN">Object 21 0 found</msg>
<msg timestamp="20230814 20:27:17.580" level="WARN">Overwriting cache for 0 21</msg>
<msg timestamp="20230814 20:27:17.587" level="WARN">Object 28 0 found</msg>
<msg timestamp="20230814 20:27:17.590" level="WARN">Overwriting cache for 0 28</msg>
</errors>
</robot>
